{"/Users/austincavanagh/Desktop/games/src/components/pages/PageNumbers.tsx": {"path":"/Users/austincavanagh/Desktop/games/src/components/pages/PageNumbers.tsx","statementMap":{"0":{"start":{"line":1,"column":0},"end":{"line":1,"column":55}},"1":{"start":{"line":3,"column":0},"end":{"line":3,"column":65}},"2":{"start":{"line":4,"column":0},"end":{"line":4,"column":62}},"3":{"start":{"line":7,"column":38},"end":{"line":8,"column":null}},"4":{"start":{"line":8,"column":26},"end":{"line":8,"column":39}},"5":{"start":{"line":10,"column":19},"end":{"line":10,"column":45}},"6":{"start":{"line":12,"column":27},"end":{"line":16,"column":3}},"7":{"start":{"line":13,"column":20},"end":{"line":13,"column":44}},"8":{"start":{"line":14,"column":4},"end":{"line":14,"column":52}},"9":{"start":{"line":14,"column":45},"end":{"line":14,"column":52}},"10":{"start":{"line":15,"column":4},"end":{"line":15,"column":38}},"11":{"start":{"line":18,"column":21},"end":{"line":18,"column":60}},"12":{"start":{"line":19,"column":33},"end":{"line":19,"column":73}},"13":{"start":{"line":21,"column":2},"end":{"line":45,"column":4}},"14":{"start":{"line":25,"column":22},"end":{"line":25,"column":39}},"15":{"start":{"line":27,"column":8},"end":{"line":28,"column":null}},"16":{"start":{"line":31,"column":12},"end":{"line":31,"column":31}},"17":{"start":{"line":32,"column":12},"end":{"line":32,"column":49}},"18":{"start":{"line":48,"column":0},"end":{"line":48,"column":27}}},"fnMap":{"0":{"name":"PageNumbers","decl":{"start":{"line":6,"column":9},"end":{"line":6,"column":20}},"loc":{"start":{"line":6,"column":20},"end":{"line":46,"column":1}}},"1":{"name":"(anonymous_1)","decl":{"start":{"line":8,"column":4},"end":{"line":8,"column":5}},"loc":{"start":{"line":8,"column":26},"end":{"line":8,"column":39}}},"2":{"name":"(anonymous_2)","decl":{"start":{"line":12,"column":27},"end":{"line":12,"column":28}},"loc":{"start":{"line":12,"column":50},"end":{"line":16,"column":3}}},"3":{"name":"(anonymous_3)","decl":{"start":{"line":25,"column":8},"end":{"line":25,"column":9}},"loc":{"start":{"line":25,"column":22},"end":{"line":25,"column":39}}},"4":{"name":"(anonymous_4)","decl":{"start":{"line":26,"column":12},"end":{"line":26,"column":16}},"loc":{"start":{"line":27,"column":8},"end":{"line":28,"column":null}}},"5":{"name":"(anonymous_5)","decl":{"start":{"line":30,"column":19},"end":{"line":30,"column":20}},"loc":{"start":{"line":30,"column":23},"end":{"line":33,"column":11}}}},"branchMap":{"0":{"loc":{"start":{"line":14,"column":4},"end":{"line":14,"column":52}},"type":"if","locations":[{"start":{"line":14,"column":4},"end":{"line":14,"column":52}}]},"1":{"loc":{"start":{"line":14,"column":8},"end":{"line":14,"column":43}},"type":"binary-expr","locations":[{"start":{"line":14,"column":8},"end":{"line":14,"column":19}},{"start":{"line":14,"column":23},"end":{"line":14,"column":43}}]},"2":{"loc":{"start":{"line":35,"column":12},"end":{"line":37,"column":null}},"type":"cond-expr","locations":[{"start":{"line":36,"column":16},"end":{"line":36,"column":83}},{"start":{"line":37,"column":16},"end":{"line":37,"column":null}}]},"3":{"loc":{"start":{"line":39,"column":20},"end":{"line":39,"column":49}},"type":"cond-expr","locations":[{"start":{"line":39,"column":43},"end":{"line":39,"column":45}},{"start":{"line":39,"column":48},"end":{"line":39,"column":49}}]}},"s":{"0":3,"1":3,"2":3,"3":5,"4":10,"5":5,"6":5,"7":0,"8":0,"9":0,"10":0,"11":5,"12":5,"13":5,"14":13,"15":13,"16":0,"17":0,"18":3},"f":{"0":5,"1":10,"2":0,"3":13,"4":13,"5":0},"b":{"0":[0],"1":[0,0],"2":[5,8],"3":[5,8]}}
,"/Users/austincavanagh/Desktop/games/src/components/pages/PagesDisplayLeft.tsx": {"path":"/Users/austincavanagh/Desktop/games/src/components/pages/PagesDisplayLeft.tsx","statementMap":{"0":{"start":{"line":1,"column":0},"end":{"line":1,"column":42}},"1":{"start":{"line":5,"column":38},"end":{"line":6,"column":null}},"2":{"start":{"line":6,"column":26},"end":{"line":6,"column":39}},"3":{"start":{"line":9,"column":22},"end":{"line":9,"column":71}},"4":{"start":{"line":11,"column":4},"end":{"line":11,"column":65}},"5":{"start":{"line":13,"column":2},"end":{"line":19,"column":4}},"6":{"start":{"line":22,"column":0},"end":{"line":22,"column":32}}},"fnMap":{"0":{"name":"PagesDisplayLeft","decl":{"start":{"line":4,"column":9},"end":{"line":4,"column":25}},"loc":{"start":{"line":4,"column":25},"end":{"line":20,"column":1}}},"1":{"name":"(anonymous_1)","decl":{"start":{"line":6,"column":4},"end":{"line":6,"column":5}},"loc":{"start":{"line":6,"column":26},"end":{"line":6,"column":39}}}},"branchMap":{"0":{"loc":{"start":{"line":9,"column":22},"end":{"line":9,"column":71}},"type":"cond-expr","locations":[{"start":{"line":9,"column":41},"end":{"line":9,"column":42}},{"start":{"line":9,"column":45},"end":{"line":9,"column":71}}]},"1":{"loc":{"start":{"line":11,"column":4},"end":{"line":11,"column":65}},"type":"cond-expr","locations":[{"start":{"line":11,"column":23},"end":{"line":11,"column":24}},{"start":{"line":11,"column":27},"end":{"line":11,"column":65}}]}},"s":{"0":2,"1":2,"2":4,"3":2,"4":2,"5":2,"6":2},"f":{"0":2,"1":4},"b":{"0":[2,0],"1":[2,0]}}
,"/Users/austincavanagh/Desktop/games/src/components/pages/PagesDisplayRight.tsx": {"path":"/Users/austincavanagh/Desktop/games/src/components/pages/PagesDisplayRight.tsx","statementMap":{"0":{"start":{"line":1,"column":0},"end":{"line":1,"column":78}},"1":{"start":{"line":2,"column":0},"end":{"line":2,"column":55}},"2":{"start":{"line":4,"column":0},"end":{"line":4,"column":65}},"3":{"start":{"line":5,"column":0},"end":{"line":5,"column":40}},"4":{"start":{"line":8,"column":38},"end":{"line":9,"column":null}},"5":{"start":{"line":9,"column":26},"end":{"line":9,"column":39}},"6":{"start":{"line":11,"column":19},"end":{"line":11,"column":45}},"7":{"start":{"line":12,"column":21},"end":{"line":12,"column":60}},"8":{"start":{"line":14,"column":27},"end":{"line":18,"column":3}},"9":{"start":{"line":15,"column":20},"end":{"line":15,"column":44}},"10":{"start":{"line":16,"column":4},"end":{"line":16,"column":52}},"11":{"start":{"line":16,"column":45},"end":{"line":16,"column":52}},"12":{"start":{"line":17,"column":4},"end":{"line":17,"column":38}},"13":{"start":{"line":20,"column":2},"end":{"line":52,"column":4}},"14":{"start":{"line":26,"column":10},"end":{"line":26,"column":29}},"15":{"start":{"line":27,"column":10},"end":{"line":27,"column":31}},"16":{"start":{"line":40,"column":10},"end":{"line":40,"column":29}},"17":{"start":{"line":41,"column":10},"end":{"line":41,"column":31}},"18":{"start":{"line":55,"column":0},"end":{"line":55,"column":33}}},"fnMap":{"0":{"name":"PagesDisplayRight","decl":{"start":{"line":7,"column":9},"end":{"line":7,"column":26}},"loc":{"start":{"line":7,"column":26},"end":{"line":53,"column":1}}},"1":{"name":"(anonymous_1)","decl":{"start":{"line":9,"column":4},"end":{"line":9,"column":5}},"loc":{"start":{"line":9,"column":26},"end":{"line":9,"column":39}}},"2":{"name":"(anonymous_2)","decl":{"start":{"line":14,"column":27},"end":{"line":14,"column":28}},"loc":{"start":{"line":14,"column":50},"end":{"line":18,"column":3}}},"3":{"name":"(anonymous_3)","decl":{"start":{"line":25,"column":17},"end":{"line":25,"column":18}},"loc":{"start":{"line":25,"column":21},"end":{"line":28,"column":9}}},"4":{"name":"(anonymous_4)","decl":{"start":{"line":39,"column":17},"end":{"line":39,"column":18}},"loc":{"start":{"line":39,"column":21},"end":{"line":42,"column":9}}}},"branchMap":{"0":{"loc":{"start":{"line":16,"column":4},"end":{"line":16,"column":52}},"type":"if","locations":[{"start":{"line":16,"column":4},"end":{"line":16,"column":52}}]},"1":{"loc":{"start":{"line":16,"column":8},"end":{"line":16,"column":43}},"type":"binary-expr","locations":[{"start":{"line":16,"column":8},"end":{"line":16,"column":19}},{"start":{"line":16,"column":23},"end":{"line":16,"column":43}}]}},"s":{"0":2,"1":2,"2":2,"3":2,"4":4,"5":8,"6":4,"7":4,"8":4,"9":2,"10":2,"11":0,"12":2,"13":4,"14":1,"15":1,"16":1,"17":1,"18":2},"f":{"0":4,"1":8,"2":2,"3":1,"4":1},"b":{"0":[0],"1":[2,2]}}
,"/Users/austincavanagh/Desktop/games/src/components/popups/SelectedGamePopup.tsx": {"path":"/Users/austincavanagh/Desktop/games/src/components/popups/SelectedGamePopup.tsx","statementMap":{"0":{"start":{"line":1,"column":0},"end":{"line":1,"column":33}},"1":{"start":{"line":2,"column":0},"end":{"line":2,"column":55}},"2":{"start":{"line":3,"column":0},"end":{"line":3,"column":55}},"3":{"start":{"line":5,"column":0},"end":{"line":5,"column":66}},"4":{"start":{"line":8,"column":27},"end":{"line":8,"column":75}},"5":{"start":{"line":8,"column":61},"end":{"line":8,"column":74}},"6":{"start":{"line":9,"column":19},"end":{"line":9,"column":45}},"7":{"start":{"line":10,"column":22},"end":{"line":10,"column":59}},"8":{"start":{"line":10,"column":28},"end":{"line":10,"column":59}},"9":{"start":{"line":12,"column":2},"end":{"line":12,"column":28}},"10":{"start":{"line":14,"column":25},"end":{"line":14,"column":48}},"11":{"start":{"line":16,"column":4},"end":{"line":18,"column":18}},"12":{"start":{"line":17,"column":35},"end":{"line":17,"column":48}},"13":{"start":{"line":20,"column":26},"end":{"line":20,"column":56}},"14":{"start":{"line":22,"column":4},"end":{"line":24,"column":23}},"15":{"start":{"line":23,"column":36},"end":{"line":23,"column":45}},"16":{"start":{"line":26,"column":2},"end":{"line":136,"column":4}},"17":{"start":{"line":139,"column":0},"end":{"line":139,"column":33}}},"fnMap":{"0":{"name":"SelectedGamePopup","decl":{"start":{"line":7,"column":9},"end":{"line":7,"column":26}},"loc":{"start":{"line":7,"column":26},"end":{"line":137,"column":1}}},"1":{"name":"(anonymous_1)","decl":{"start":{"line":8,"column":39},"end":{"line":8,"column":40}},"loc":{"start":{"line":8,"column":61},"end":{"line":8,"column":74}}},"2":{"name":"(anonymous_2)","decl":{"start":{"line":10,"column":22},"end":{"line":10,"column":25}},"loc":{"start":{"line":10,"column":28},"end":{"line":10,"column":59}}},"3":{"name":"(anonymous_3)","decl":{"start":{"line":17,"column":27},"end":{"line":17,"column":31}},"loc":{"start":{"line":17,"column":35},"end":{"line":17,"column":48}}},"4":{"name":"(anonymous_4)","decl":{"start":{"line":23,"column":28},"end":{"line":23,"column":32}},"loc":{"start":{"line":23,"column":36},"end":{"line":23,"column":45}}}},"branchMap":{"0":{"loc":{"start":{"line":16,"column":4},"end":{"line":18,"column":18}},"type":"cond-expr","locations":[{"start":{"line":17,"column":8},"end":{"line":17,"column":60}},{"start":{"line":18,"column":8},"end":{"line":18,"column":18}}]},"1":{"loc":{"start":{"line":16,"column":4},"end":{"line":16,"column":47}},"type":"binary-expr","locations":[{"start":{"line":16,"column":4},"end":{"line":16,"column":18}},{"start":{"line":16,"column":22},"end":{"line":16,"column":47}}]},"2":{"loc":{"start":{"line":22,"column":4},"end":{"line":24,"column":23}},"type":"cond-expr","locations":[{"start":{"line":23,"column":8},"end":{"line":23,"column":57}},{"start":{"line":24,"column":8},"end":{"line":24,"column":23}}]},"3":{"loc":{"start":{"line":22,"column":4},"end":{"line":22,"column":49}},"type":"binary-expr","locations":[{"start":{"line":22,"column":4},"end":{"line":22,"column":19}},{"start":{"line":22,"column":23},"end":{"line":22,"column":49}}]},"4":{"loc":{"start":{"line":69,"column":24},"end":{"line":71,"column":null}},"type":"cond-expr","locations":[{"start":{"line":70,"column":28},"end":{"line":70,"column":68}},{"start":{"line":71,"column":28},"end":{"line":71,"column":null}}]},"5":{"loc":{"start":{"line":80,"column":24},"end":{"line":82,"column":null}},"type":"cond-expr","locations":[{"start":{"line":81,"column":28},"end":{"line":81,"column":68}},{"start":{"line":82,"column":28},"end":{"line":82,"column":null}}]},"6":{"loc":{"start":{"line":95,"column":23},"end":{"line":97,"column":41}},"type":"cond-expr","locations":[{"start":{"line":96,"column":26},"end":{"line":96,"column":36}},{"start":{"line":97,"column":26},"end":{"line":97,"column":41}}]},"7":{"loc":{"start":{"line":107,"column":23},"end":{"line":107,"column":64}},"type":"cond-expr","locations":[{"start":{"line":107,"column":46},"end":{"line":107,"column":51}},{"start":{"line":107,"column":54},"end":{"line":107,"column":64}}]}},"s":{"0":2,"1":2,"2":2,"3":2,"4":1,"5":2,"6":1,"7":1,"8":0,"9":1,"10":1,"11":1,"12":1,"13":1,"14":1,"15":1,"16":1,"17":2},"f":{"0":1,"1":2,"2":0,"3":1,"4":1},"b":{"0":[1,0],"1":[1,1],"2":[1,0],"3":[1,1],"4":[0,1],"5":[0,1],"6":[1,0],"7":[1,0]}}
,"/Users/austincavanagh/Desktop/games/src/components/popups/UpdateGamesPopup.tsx": {"path":"/Users/austincavanagh/Desktop/games/src/components/popups/UpdateGamesPopup.tsx","statementMap":{"0":{"start":{"line":1,"column":0},"end":{"line":1,"column":33}},"1":{"start":{"line":2,"column":0},"end":{"line":2,"column":47}},"2":{"start":{"line":3,"column":0},"end":{"line":3,"column":54}},"3":{"start":{"line":4,"column":0},"end":{"line":4,"column":55}},"4":{"start":{"line":6,"column":0},"end":{"line":6,"column":null}},"5":{"start":{"line":13,"column":27},"end":{"line":13,"column":75}},"6":{"start":{"line":13,"column":61},"end":{"line":13,"column":74}},"7":{"start":{"line":14,"column":19},"end":{"line":14,"column":45}},"8":{"start":{"line":16,"column":23},"end":{"line":20,"column":3}},"9":{"start":{"line":17,"column":4},"end":{"line":17,"column":34}},"10":{"start":{"line":18,"column":4},"end":{"line":18,"column":32}},"11":{"start":{"line":19,"column":4},"end":{"line":19,"column":32}},"12":{"start":{"line":22,"column":23},"end":{"line":24,"column":3}},"13":{"start":{"line":23,"column":4},"end":{"line":23,"column":34}},"14":{"start":{"line":26,"column":2},"end":{"line":83,"column":4}},"15":{"start":{"line":86,"column":0},"end":{"line":86,"column":31}}},"fnMap":{"0":{"name":"UpdateGamePopup","decl":{"start":{"line":12,"column":9},"end":{"line":12,"column":24}},"loc":{"start":{"line":12,"column":24},"end":{"line":84,"column":1}}},"1":{"name":"(anonymous_1)","decl":{"start":{"line":13,"column":39},"end":{"line":13,"column":40}},"loc":{"start":{"line":13,"column":61},"end":{"line":13,"column":74}}},"2":{"name":"(anonymous_2)","decl":{"start":{"line":16,"column":23},"end":{"line":16,"column":26}},"loc":{"start":{"line":16,"column":28},"end":{"line":20,"column":3}}},"3":{"name":"(anonymous_3)","decl":{"start":{"line":22,"column":23},"end":{"line":22,"column":26}},"loc":{"start":{"line":22,"column":28},"end":{"line":24,"column":3}}}},"branchMap":{},"s":{"0":1,"1":1,"2":1,"3":1,"4":1,"5":3,"6":6,"7":3,"8":3,"9":1,"10":1,"11":1,"12":3,"13":1,"14":3,"15":1},"f":{"0":3,"1":6,"2":1,"3":1},"b":{}}
,"/Users/austincavanagh/Desktop/games/src/components/results/ErrorDisplay.tsx": {"path":"/Users/austincavanagh/Desktop/games/src/components/results/ErrorDisplay.tsx","statementMap":{"0":{"start":{"line":2,"column":2},"end":{"line":8,"column":4}},"1":{"start":{"line":11,"column":0},"end":{"line":11,"column":28}}},"fnMap":{"0":{"name":"ErrorDisplay","decl":{"start":{"line":1,"column":9},"end":{"line":1,"column":21}},"loc":{"start":{"line":1,"column":21},"end":{"line":9,"column":1}}}},"branchMap":{},"s":{"0":1,"1":1},"f":{"0":1},"b":{}}
,"/Users/austincavanagh/Desktop/games/src/components/results/LoadingDisplay.tsx": {"path":"/Users/austincavanagh/Desktop/games/src/components/results/LoadingDisplay.tsx","statementMap":{"0":{"start":{"line":1,"column":0},"end":{"line":1,"column":42}},"1":{"start":{"line":5,"column":30},"end":{"line":5,"column":78}},"2":{"start":{"line":5,"column":64},"end":{"line":5,"column":77}},"3":{"start":{"line":7,"column":17},"end":{"line":7,"column":19}},"4":{"start":{"line":8,"column":24},"end":{"line":8,"column":44}},"5":{"start":{"line":9,"column":21},"end":{"line":9,"column":68}},"6":{"start":{"line":11,"column":2},"end":{"line":38,"column":4}},"7":{"start":{"line":41,"column":0},"end":{"line":41,"column":30}}},"fnMap":{"0":{"name":"LoadingDisplay","decl":{"start":{"line":4,"column":9},"end":{"line":4,"column":23}},"loc":{"start":{"line":4,"column":23},"end":{"line":39,"column":1}}},"1":{"name":"(anonymous_1)","decl":{"start":{"line":5,"column":42},"end":{"line":5,"column":43}},"loc":{"start":{"line":5,"column":64},"end":{"line":5,"column":77}}}},"branchMap":{},"s":{"0":1,"1":1,"2":2,"3":1,"4":1,"5":1,"6":1,"7":1},"f":{"0":1,"1":2},"b":{}}
,"/Users/austincavanagh/Desktop/games/src/components/results/ResultsDisplay.tsx": {"path":"/Users/austincavanagh/Desktop/games/src/components/results/ResultsDisplay.tsx","statementMap":{"0":{"start":{"line":1,"column":0},"end":{"line":1,"column":55}},"1":{"start":{"line":4,"column":0},"end":{"line":4,"column":null}},"2":{"start":{"line":9,"column":0},"end":{"line":9,"column":62}},"3":{"start":{"line":10,"column":0},"end":{"line":10,"column":54}},"4":{"start":{"line":11,"column":0},"end":{"line":11,"column":44}},"5":{"start":{"line":12,"column":0},"end":{"line":12,"column":50}},"6":{"start":{"line":15,"column":52},"end":{"line":16,"column":null}},"7":{"start":{"line":16,"column":26},"end":{"line":16,"column":39}},"8":{"start":{"line":18,"column":22},"end":{"line":18,"column":69}},"9":{"start":{"line":18,"column":56},"end":{"line":18,"column":68}},"10":{"start":{"line":19,"column":19},"end":{"line":19,"column":45}},"11":{"start":{"line":23,"column":4},"end":{"line":23,"column":32}},"12":{"start":{"line":26,"column":2},"end":{"line":36,"column":42}},"13":{"start":{"line":27,"column":26},"end":{"line":27,"column":62}},"14":{"start":{"line":28,"column":24},"end":{"line":28,"column":74}},"15":{"start":{"line":29,"column":4},"end":{"line":29,"column":43}},"16":{"start":{"line":32,"column":4},"end":{"line":32,"column":32}},"17":{"start":{"line":33,"column":4},"end":{"line":33,"column":48}},"18":{"start":{"line":38,"column":27},"end":{"line":38,"column":74}},"19":{"start":{"line":38,"column":43},"end":{"line":38,"column":74}},"20":{"start":{"line":40,"column":23},"end":{"line":40,"column":25}},"21":{"start":{"line":41,"column":21},"end":{"line":41,"column":53}},"22":{"start":{"line":42,"column":19},"end":{"line":42,"column":44}},"23":{"start":{"line":43,"column":23},"end":{"line":43,"column":73}},"24":{"start":{"line":45,"column":2},"end":{"line":99,"column":4}},"25":{"start":{"line":52,"column":10},"end":{"line":53,"column":null}},"26":{"start":{"line":54,"column":27},"end":{"line":54,"column":49}},"27":{"start":{"line":62,"column":16},"end":{"line":62,"column":69}},"28":{"start":{"line":102,"column":0},"end":{"line":102,"column":30}}},"fnMap":{"0":{"name":"ResultsDisplay","decl":{"start":{"line":14,"column":9},"end":{"line":14,"column":23}},"loc":{"start":{"line":14,"column":23},"end":{"line":100,"column":1}}},"1":{"name":"(anonymous_1)","decl":{"start":{"line":16,"column":4},"end":{"line":16,"column":5}},"loc":{"start":{"line":16,"column":26},"end":{"line":16,"column":39}}},"2":{"name":"(anonymous_2)","decl":{"start":{"line":18,"column":34},"end":{"line":18,"column":35}},"loc":{"start":{"line":18,"column":56},"end":{"line":18,"column":68}}},"3":{"name":"(anonymous_3)","decl":{"start":{"line":26,"column":12},"end":{"line":26,"column":15}},"loc":{"start":{"line":26,"column":17},"end":{"line":36,"column":3}}},"4":{"name":"(anonymous_4)","decl":{"start":{"line":38,"column":27},"end":{"line":38,"column":28}},"loc":{"start":{"line":38,"column":43},"end":{"line":38,"column":74}}},"5":{"name":"(anonymous_5)","decl":{"start":{"line":51,"column":26},"end":{"line":51,"column":30}},"loc":{"start":{"line":52,"column":10},"end":{"line":53,"column":null}}},"6":{"name":"(anonymous_6)","decl":{"start":{"line":54,"column":21},"end":{"line":54,"column":24}},"loc":{"start":{"line":54,"column":27},"end":{"line":54,"column":49}}},"7":{"name":"(anonymous_7)","decl":{"start":{"line":61,"column":23},"end":{"line":61,"column":24}},"loc":{"start":{"line":61,"column":27},"end":{"line":63,"column":15}}}},"branchMap":{"0":{"loc":{"start":{"line":74,"column":18},"end":{"line":76,"column":null}},"type":"cond-expr","locations":[{"start":{"line":75,"column":22},"end":{"line":75,"column":62}},{"start":{"line":76,"column":22},"end":{"line":76,"column":null}}]},"1":{"loc":{"start":{"line":85,"column":18},"end":{"line":87,"column":null}},"type":"cond-expr","locations":[{"start":{"line":86,"column":22},"end":{"line":86,"column":62}},{"start":{"line":87,"column":22},"end":{"line":87,"column":null}}]},"2":{"loc":{"start":{"line":97,"column":7},"end":{"line":97,"column":46}},"type":"binary-expr","locations":[{"start":{"line":97,"column":7},"end":{"line":97,"column":19}},{"start":{"line":97,"column":23},"end":{"line":97,"column":46}}]}},"s":{"0":1,"1":1,"2":1,"3":1,"4":1,"5":1,"6":2,"7":3,"8":2,"9":3,"10":2,"11":2,"12":2,"13":1,"14":1,"15":1,"16":1,"17":1,"18":2,"19":0,"20":2,"21":2,"22":2,"23":2,"24":2,"25":2,"26":0,"27":0,"28":1},"f":{"0":2,"1":3,"2":3,"3":1,"4":0,"5":2,"6":0,"7":0},"b":{"0":[0,2],"1":[0,2],"2":[2,0]}}
,"/Users/austincavanagh/Desktop/games/src/components/search/AddonsDropdown.tsx": {"path":"/Users/austincavanagh/Desktop/games/src/components/search/AddonsDropdown.tsx","statementMap":{"0":{"start":{"line":1,"column":0},"end":{"line":1,"column":33}},"1":{"start":{"line":2,"column":0},"end":{"line":2,"column":56}},"2":{"start":{"line":3,"column":0},"end":{"line":3,"column":73}},"3":{"start":{"line":4,"column":0},"end":{"line":4,"column":55}},"4":{"start":{"line":6,"column":0},"end":{"line":6,"column":67}},"5":{"start":{"line":7,"column":0},"end":{"line":7,"column":52}},"6":{"start":{"line":9,"column":26},"end":{"line":9,"column":44}},"7":{"start":{"line":12,"column":25},"end":{"line":13,"column":null}},"8":{"start":{"line":13,"column":26},"end":{"line":13,"column":53}},"9":{"start":{"line":15,"column":19},"end":{"line":15,"column":45}},"10":{"start":{"line":17,"column":23},"end":{"line":19,"column":3}},"11":{"start":{"line":18,"column":4},"end":{"line":18,"column":39}},"12":{"start":{"line":21,"column":2},"end":{"line":99,"column":4}},"13":{"start":{"line":24,"column":8},"end":{"line":95,"column":null}},"14":{"start":{"line":58,"column":18},"end":{"line":59,"column":null}},"15":{"start":{"line":61,"column":22},"end":{"line":63,"column":null}},"16":{"start":{"line":69,"column":22},"end":{"line":88,"column":null}},"17":{"start":{"line":102,"column":0},"end":{"line":102,"column":30}}},"fnMap":{"0":{"name":"AddonsDropdown","decl":{"start":{"line":11,"column":9},"end":{"line":11,"column":23}},"loc":{"start":{"line":11,"column":23},"end":{"line":100,"column":1}}},"1":{"name":"(anonymous_1)","decl":{"start":{"line":13,"column":4},"end":{"line":13,"column":5}},"loc":{"start":{"line":13,"column":26},"end":{"line":13,"column":53}}},"2":{"name":"(anonymous_2)","decl":{"start":{"line":17,"column":23},"end":{"line":17,"column":24}},"loc":{"start":{"line":17,"column":41},"end":{"line":19,"column":3}}},"3":{"name":"(anonymous_3)","decl":{"start":{"line":23,"column":7},"end":{"line":23,"column":8}},"loc":{"start":{"line":24,"column":8},"end":{"line":95,"column":null}}},"4":{"name":"(anonymous_4)","decl":{"start":{"line":57,"column":29},"end":{"line":57,"column":30}},"loc":{"start":{"line":58,"column":18},"end":{"line":59,"column":null}}},"5":{"name":"(anonymous_5)","decl":{"start":{"line":60,"column":31},"end":{"line":60,"column":32}},"loc":{"start":{"line":61,"column":22},"end":{"line":63,"column":null}}},"6":{"name":"(anonymous_6)","decl":{"start":{"line":68,"column":21},"end":{"line":68,"column":22}},"loc":{"start":{"line":69,"column":22},"end":{"line":88,"column":null}}}},"branchMap":{"0":{"loc":{"start":{"line":37,"column":16},"end":{"line":37,"column":null}},"type":"cond-expr","locations":[{"start":{"line":37,"column":41},"end":{"line":37,"column":56}},{"start":{"line":37,"column":59},"end":{"line":37,"column":null}}]},"1":{"loc":{"start":{"line":62,"column":24},"end":{"line":62,"column":77}},"type":"cond-expr","locations":[{"start":{"line":62,"column":33},"end":{"line":62,"column":59}},{"start":{"line":62,"column":62},"end":{"line":62,"column":77}}]},"2":{"loc":{"start":{"line":72,"column":28},"end":{"line":72,"column":70}},"type":"cond-expr","locations":[{"start":{"line":72,"column":39},"end":{"line":72,"column":54}},{"start":{"line":72,"column":57},"end":{"line":72,"column":70}}]},"3":{"loc":{"start":{"line":79,"column":25},"end":{"line":88,"column":32}},"type":"cond-expr","locations":[{"start":{"line":80,"column":26},"end":{"line":86,"column":null}},{"start":{"line":88,"column":28},"end":{"line":88,"column":32}}]},"4":{"loc":{"start":{"line":82,"column":30},"end":{"line":82,"column":71}},"type":"cond-expr","locations":[{"start":{"line":82,"column":39},"end":{"line":82,"column":51}},{"start":{"line":82,"column":54},"end":{"line":82,"column":71}}]}},"s":{"0":2,"1":2,"2":2,"3":2,"4":2,"5":2,"6":2,"7":5,"8":10,"9":5,"10":5,"11":0,"12":5,"13":5,"14":15,"15":0,"16":0,"17":2},"f":{"0":5,"1":10,"2":0,"3":5,"4":15,"5":0,"6":0},"b":{"0":[3,2],"1":[0,0],"2":[0,0],"3":[0,0],"4":[0,0]}}
,"/Users/austincavanagh/Desktop/games/src/components/search/NameInput.tsx": {"path":"/Users/austincavanagh/Desktop/games/src/components/search/NameInput.tsx","statementMap":{"0":{"start":{"line":1,"column":0},"end":{"line":1,"column":45}},"1":{"start":{"line":2,"column":0},"end":{"line":2,"column":55}},"2":{"start":{"line":4,"column":0},"end":{"line":4,"column":62}},"3":{"start":{"line":7,"column":24},"end":{"line":7,"column":71}},"4":{"start":{"line":7,"column":58},"end":{"line":7,"column":70}},"5":{"start":{"line":8,"column":19},"end":{"line":8,"column":45}},"6":{"start":{"line":9,"column":28},"end":{"line":9,"column":74}},"7":{"start":{"line":9,"column":46},"end":{"line":9,"column":74}},"8":{"start":{"line":11,"column":2},"end":{"line":28,"column":4}},"9":{"start":{"line":22,"column":29},"end":{"line":22,"column":66}},"10":{"start":{"line":23,"column":30},"end":{"line":23,"column":39}},"11":{"start":{"line":31,"column":0},"end":{"line":31,"column":25}}},"fnMap":{"0":{"name":"NameInput","decl":{"start":{"line":6,"column":9},"end":{"line":6,"column":18}},"loc":{"start":{"line":6,"column":18},"end":{"line":29,"column":1}}},"1":{"name":"(anonymous_1)","decl":{"start":{"line":7,"column":36},"end":{"line":7,"column":37}},"loc":{"start":{"line":7,"column":58},"end":{"line":7,"column":70}}},"2":{"name":"(anonymous_2)","decl":{"start":{"line":9,"column":28},"end":{"line":9,"column":29}},"loc":{"start":{"line":9,"column":46},"end":{"line":9,"column":74}}},"3":{"name":"(anonymous_3)","decl":{"start":{"line":22,"column":20},"end":{"line":22,"column":25}},"loc":{"start":{"line":22,"column":29},"end":{"line":22,"column":66}}},"4":{"name":"(anonymous_4)","decl":{"start":{"line":23,"column":24},"end":{"line":23,"column":27}},"loc":{"start":{"line":23,"column":30},"end":{"line":23,"column":39}}}},"branchMap":{},"s":{"0":2,"1":2,"2":2,"3":3,"4":6,"5":3,"6":3,"7":6,"8":3,"9":6,"10":4,"11":2},"f":{"0":3,"1":6,"2":6,"3":6,"4":4},"b":{}}
,"/Users/austincavanagh/Desktop/games/src/components/search/SortDropdown.tsx": {"path":"/Users/austincavanagh/Desktop/games/src/components/search/SortDropdown.tsx","statementMap":{"0":{"start":{"line":1,"column":0},"end":{"line":1,"column":33}},"1":{"start":{"line":2,"column":0},"end":{"line":2,"column":56}},"2":{"start":{"line":3,"column":0},"end":{"line":3,"column":71}},"3":{"start":{"line":4,"column":0},"end":{"line":4,"column":52}},"4":{"start":{"line":5,"column":0},"end":{"line":5,"column":55}},"5":{"start":{"line":7,"column":0},"end":{"line":7,"column":65}},"6":{"start":{"line":9,"column":22},"end":{"line":9,"column":59}},"7":{"start":{"line":12,"column":27},"end":{"line":12,"column":74}},"8":{"start":{"line":12,"column":61},"end":{"line":12,"column":73}},"9":{"start":{"line":13,"column":19},"end":{"line":13,"column":45}},"10":{"start":{"line":15,"column":23},"end":{"line":17,"column":3}},"11":{"start":{"line":16,"column":4},"end":{"line":16,"column":37}},"12":{"start":{"line":19,"column":2},"end":{"line":88,"column":4}},"13":{"start":{"line":22,"column":35},"end":{"line":22,"column":54}},"14":{"start":{"line":25,"column":8},"end":{"line":84,"column":null}},"15":{"start":{"line":48,"column":18},"end":{"line":49,"column":null}},"16":{"start":{"line":51,"column":22},"end":{"line":53,"column":null}},"17":{"start":{"line":59,"column":22},"end":{"line":77,"column":null}},"18":{"start":{"line":91,"column":0},"end":{"line":91,"column":28}}},"fnMap":{"0":{"name":"SortDropdown","decl":{"start":{"line":11,"column":9},"end":{"line":11,"column":21}},"loc":{"start":{"line":11,"column":21},"end":{"line":89,"column":1}}},"1":{"name":"(anonymous_1)","decl":{"start":{"line":12,"column":39},"end":{"line":12,"column":40}},"loc":{"start":{"line":12,"column":61},"end":{"line":12,"column":73}}},"2":{"name":"(anonymous_2)","decl":{"start":{"line":15,"column":23},"end":{"line":15,"column":24}},"loc":{"start":{"line":15,"column":41},"end":{"line":17,"column":3}}},"3":{"name":"(anonymous_3)","decl":{"start":{"line":22,"column":16},"end":{"line":22,"column":17}},"loc":{"start":{"line":22,"column":35},"end":{"line":22,"column":54}}},"4":{"name":"(anonymous_4)","decl":{"start":{"line":24,"column":7},"end":{"line":24,"column":8}},"loc":{"start":{"line":25,"column":8},"end":{"line":84,"column":null}}},"5":{"name":"(anonymous_5)","decl":{"start":{"line":47,"column":35},"end":{"line":47,"column":41}},"loc":{"start":{"line":48,"column":18},"end":{"line":49,"column":null}}},"6":{"name":"(anonymous_6)","decl":{"start":{"line":50,"column":31},"end":{"line":50,"column":32}},"loc":{"start":{"line":51,"column":22},"end":{"line":53,"column":null}}},"7":{"name":"(anonymous_7)","decl":{"start":{"line":58,"column":21},"end":{"line":58,"column":22}},"loc":{"start":{"line":59,"column":22},"end":{"line":77,"column":null}}}},"branchMap":{"0":{"loc":{"start":{"line":52,"column":24},"end":{"line":52,"column":77}},"type":"cond-expr","locations":[{"start":{"line":52,"column":33},"end":{"line":52,"column":59}},{"start":{"line":52,"column":62},"end":{"line":52,"column":77}}]},"1":{"loc":{"start":{"line":63,"column":30},"end":{"line":63,"column":72}},"type":"cond-expr","locations":[{"start":{"line":63,"column":41},"end":{"line":63,"column":56}},{"start":{"line":63,"column":59},"end":{"line":63,"column":72}}]},"2":{"loc":{"start":{"line":68,"column":27},"end":{"line":76,"column":34}},"type":"cond-expr","locations":[{"start":{"line":69,"column":28},"end":{"line":74,"column":null}},{"start":{"line":76,"column":30},"end":{"line":76,"column":34}}]},"3":{"loc":{"start":{"line":71,"column":32},"end":{"line":71,"column":73}},"type":"cond-expr","locations":[{"start":{"line":71,"column":41},"end":{"line":71,"column":53}},{"start":{"line":71,"column":56},"end":{"line":71,"column":73}}]}},"s":{"0":2,"1":2,"2":2,"3":2,"4":2,"5":2,"6":2,"7":7,"8":12,"9":6,"10":6,"11":0,"12":6,"13":0,"14":14,"15":56,"16":32,"17":32,"18":2},"f":{"0":7,"1":12,"2":0,"3":0,"4":14,"5":56,"6":32,"7":32},"b":{"0":[4,28],"1":[8,24],"2":[8,24],"3":[4,4]}}
,"/Users/austincavanagh/Desktop/games/src/components/search/VoiceDropdown.tsx": {"path":"/Users/austincavanagh/Desktop/games/src/components/search/VoiceDropdown.tsx","statementMap":{"0":{"start":{"line":1,"column":0},"end":{"line":1,"column":33}},"1":{"start":{"line":2,"column":0},"end":{"line":2,"column":56}},"2":{"start":{"line":3,"column":0},"end":{"line":3,"column":73}},"3":{"start":{"line":4,"column":0},"end":{"line":4,"column":55}},"4":{"start":{"line":6,"column":0},"end":{"line":6,"column":66}},"5":{"start":{"line":7,"column":0},"end":{"line":7,"column":52}},"6":{"start":{"line":9,"column":26},"end":{"line":9,"column":44}},"7":{"start":{"line":12,"column":24},"end":{"line":13,"column":null}},"8":{"start":{"line":13,"column":26},"end":{"line":13,"column":52}},"9":{"start":{"line":15,"column":19},"end":{"line":15,"column":45}},"10":{"start":{"line":17,"column":23},"end":{"line":19,"column":3}},"11":{"start":{"line":18,"column":4},"end":{"line":18,"column":38}},"12":{"start":{"line":21,"column":2},"end":{"line":101,"column":4}},"13":{"start":{"line":24,"column":8},"end":{"line":97,"column":null}},"14":{"start":{"line":60,"column":18},"end":{"line":61,"column":null}},"15":{"start":{"line":63,"column":22},"end":{"line":65,"column":null}},"16":{"start":{"line":71,"column":22},"end":{"line":90,"column":null}},"17":{"start":{"line":104,"column":0},"end":{"line":104,"column":29}}},"fnMap":{"0":{"name":"VoiceDropdown","decl":{"start":{"line":11,"column":9},"end":{"line":11,"column":22}},"loc":{"start":{"line":11,"column":22},"end":{"line":102,"column":1}}},"1":{"name":"(anonymous_1)","decl":{"start":{"line":13,"column":4},"end":{"line":13,"column":5}},"loc":{"start":{"line":13,"column":26},"end":{"line":13,"column":52}}},"2":{"name":"(anonymous_2)","decl":{"start":{"line":17,"column":23},"end":{"line":17,"column":24}},"loc":{"start":{"line":17,"column":41},"end":{"line":19,"column":3}}},"3":{"name":"(anonymous_3)","decl":{"start":{"line":23,"column":7},"end":{"line":23,"column":8}},"loc":{"start":{"line":24,"column":8},"end":{"line":97,"column":null}}},"4":{"name":"(anonymous_4)","decl":{"start":{"line":59,"column":29},"end":{"line":59,"column":30}},"loc":{"start":{"line":60,"column":18},"end":{"line":61,"column":null}}},"5":{"name":"(anonymous_5)","decl":{"start":{"line":62,"column":31},"end":{"line":62,"column":32}},"loc":{"start":{"line":63,"column":22},"end":{"line":65,"column":null}}},"6":{"name":"(anonymous_6)","decl":{"start":{"line":70,"column":21},"end":{"line":70,"column":22}},"loc":{"start":{"line":71,"column":22},"end":{"line":90,"column":null}}}},"branchMap":{"0":{"loc":{"start":{"line":38,"column":16},"end":{"line":38,"column":null}},"type":"cond-expr","locations":[{"start":{"line":38,"column":40},"end":{"line":38,"column":55}},{"start":{"line":38,"column":58},"end":{"line":38,"column":null}}]},"1":{"loc":{"start":{"line":64,"column":24},"end":{"line":64,"column":77}},"type":"cond-expr","locations":[{"start":{"line":64,"column":33},"end":{"line":64,"column":59}},{"start":{"line":64,"column":62},"end":{"line":64,"column":77}}]},"2":{"loc":{"start":{"line":74,"column":28},"end":{"line":74,"column":70}},"type":"cond-expr","locations":[{"start":{"line":74,"column":39},"end":{"line":74,"column":54}},{"start":{"line":74,"column":57},"end":{"line":74,"column":70}}]},"3":{"loc":{"start":{"line":81,"column":25},"end":{"line":90,"column":32}},"type":"cond-expr","locations":[{"start":{"line":82,"column":26},"end":{"line":88,"column":null}},{"start":{"line":90,"column":28},"end":{"line":90,"column":32}}]},"4":{"loc":{"start":{"line":84,"column":30},"end":{"line":84,"column":71}},"type":"cond-expr","locations":[{"start":{"line":84,"column":39},"end":{"line":84,"column":51}},{"start":{"line":84,"column":54},"end":{"line":84,"column":71}}]}},"s":{"0":2,"1":2,"2":2,"3":2,"4":2,"5":2,"6":2,"7":5,"8":10,"9":5,"10":5,"11":0,"12":5,"13":9,"14":27,"15":12,"16":12,"17":2},"f":{"0":5,"1":10,"2":0,"3":9,"4":27,"5":12,"6":12},"b":{"0":[9,0],"1":[2,10],"2":[4,8],"3":[4,8],"4":[2,2]}}
,"/Users/austincavanagh/Desktop/games/src/containers/PagesContainer.tsx": {"path":"/Users/austincavanagh/Desktop/games/src/containers/PagesContainer.tsx","statementMap":{"0":{"start":{"line":1,"column":0},"end":{"line":1,"column":68}},"1":{"start":{"line":2,"column":0},"end":{"line":2,"column":70}},"2":{"start":{"line":5,"column":2},"end":{"line":10,"column":4}},"3":{"start":{"line":13,"column":0},"end":{"line":13,"column":30}}},"fnMap":{"0":{"name":"PagesContainer","decl":{"start":{"line":4,"column":9},"end":{"line":4,"column":23}},"loc":{"start":{"line":4,"column":23},"end":{"line":11,"column":1}}}},"branchMap":{},"s":{"0":1,"1":1,"2":1,"3":1},"f":{"0":1},"b":{}}
,"/Users/austincavanagh/Desktop/games/src/containers/ResultsContainer.tsx": {"path":"/Users/austincavanagh/Desktop/games/src/containers/ResultsContainer.tsx","statementMap":{"0":{"start":{"line":1,"column":0},"end":{"line":1,"column":42}},"1":{"start":{"line":3,"column":0},"end":{"line":3,"column":66}},"2":{"start":{"line":4,"column":0},"end":{"line":4,"column":62}},"3":{"start":{"line":5,"column":0},"end":{"line":5,"column":66}},"4":{"start":{"line":8,"column":33},"end":{"line":9,"column":null}},"5":{"start":{"line":9,"column":26},"end":{"line":9,"column":39}},"6":{"start":{"line":12,"column":2},"end":{"line":18,"column":4}},"7":{"start":{"line":21,"column":0},"end":{"line":21,"column":32}}},"fnMap":{"0":{"name":"ResultsContainer","decl":{"start":{"line":7,"column":9},"end":{"line":7,"column":25}},"loc":{"start":{"line":7,"column":25},"end":{"line":19,"column":1}}},"1":{"name":"(anonymous_1)","decl":{"start":{"line":9,"column":4},"end":{"line":9,"column":5}},"loc":{"start":{"line":9,"column":26},"end":{"line":9,"column":39}}}},"branchMap":{"0":{"loc":{"start":{"line":14,"column":7},"end":{"line":14,"column":34}},"type":"binary-expr","locations":[{"start":{"line":14,"column":7},"end":{"line":14,"column":14}},{"start":{"line":14,"column":18},"end":{"line":14,"column":34}}]},"1":{"loc":{"start":{"line":15,"column":7},"end":{"line":15,"column":38}},"type":"binary-expr","locations":[{"start":{"line":15,"column":7},"end":{"line":15,"column":16}},{"start":{"line":15,"column":20},"end":{"line":15,"column":38}}]},"2":{"loc":{"start":{"line":16,"column":7},"end":{"line":16,"column":51}},"type":"binary-expr","locations":[{"start":{"line":16,"column":7},"end":{"line":16,"column":17}},{"start":{"line":16,"column":21},"end":{"line":16,"column":29}},{"start":{"line":16,"column":33},"end":{"line":16,"column":51}}]}},"s":{"0":1,"1":1,"2":1,"3":1,"4":3,"5":6,"6":3,"7":1},"f":{"0":3,"1":6},"b":{"0":[3,1],"1":[3,1],"2":[3,2,1]}}
,"/Users/austincavanagh/Desktop/games/src/containers/SearchContainer.tsx": {"path":"/Users/austincavanagh/Desktop/games/src/containers/SearchContainer.tsx","statementMap":{"0":{"start":{"line":1,"column":0},"end":{"line":1,"column":65}},"1":{"start":{"line":2,"column":0},"end":{"line":2,"column":55}},"2":{"start":{"line":3,"column":0},"end":{"line":3,"column":61}},"3":{"start":{"line":4,"column":0},"end":{"line":4,"column":70}},"4":{"start":{"line":7,"column":2},"end":{"line":24,"column":4}},"5":{"start":{"line":27,"column":0},"end":{"line":27,"column":31}}},"fnMap":{"0":{"name":"SearchContainer","decl":{"start":{"line":6,"column":9},"end":{"line":6,"column":24}},"loc":{"start":{"line":6,"column":24},"end":{"line":25,"column":1}}}},"branchMap":{},"s":{"0":1,"1":1,"2":1,"3":1,"4":1,"5":1},"f":{"0":1},"b":{}}
,"/Users/austincavanagh/Desktop/games/src/functions/classNames.ts": {"path":"/Users/austincavanagh/Desktop/games/src/functions/classNames.ts","statementMap":{"0":{"start":{"line":2,"column":2},"end":{"line":2,"column":43}},"1":{"start":{"line":5,"column":0},"end":{"line":5,"column":26}}},"fnMap":{"0":{"name":"classNames","decl":{"start":{"line":1,"column":9},"end":{"line":1,"column":19}},"loc":{"start":{"line":1,"column":40},"end":{"line":3,"column":1}}}},"branchMap":{},"s":{"0":60,"1":4},"f":{"0":60},"b":{}}
,"/Users/austincavanagh/Desktop/games/src/functions/fetchGamesData.ts": {"path":"/Users/austincavanagh/Desktop/games/src/functions/fetchGamesData.ts","statementMap":{"0":{"start":{"line":2,"column":0},"end":{"line":2,"column":66}},"1":{"start":{"line":6,"column":29},"end":{"line":6,"column":63}},"2":{"start":{"line":8,"column":2},"end":{"line":10,"column":3}},"3":{"start":{"line":9,"column":4},"end":{"line":9,"column":50}},"4":{"start":{"line":13,"column":32},"end":{"line":13,"column":77}},"5":{"start":{"line":14,"column":23},"end":{"line":14,"column":24}},"6":{"start":{"line":17,"column":2},"end":{"line":19,"column":3}},"7":{"start":{"line":18,"column":4},"end":{"line":18,"column":52}},"8":{"start":{"line":22,"column":46},"end":{"line":22,"column":71}},"9":{"start":{"line":25,"column":31},"end":{"line":25,"column":33}},"10":{"start":{"line":27,"column":15},"end":{"line":51,"column":3}},"11":{"start":{"line":30,"column":6},"end":{"line":30,"column":25}},"12":{"start":{"line":33,"column":4},"end":{"line":35,"column":5}},"13":{"start":{"line":34,"column":6},"end":{"line":34,"column":13}},"14":{"start":{"line":38,"column":4},"end":{"line":38,"column":31}},"15":{"start":{"line":39,"column":29},"end":{"line":40,"column":null}},"16":{"start":{"line":44,"column":4},"end":{"line":44,"column":43}},"17":{"start":{"line":47,"column":4},"end":{"line":47,"column":23}},"18":{"start":{"line":50,"column":4},"end":{"line":50,"column":18}},"19":{"start":{"line":54,"column":2},"end":{"line":54,"column":15}},"20":{"start":{"line":57,"column":24},"end":{"line":57,"column":72}},"21":{"start":{"line":57,"column":52},"end":{"line":57,"column":68}},"22":{"start":{"line":58,"column":25},"end":{"line":58,"column":26}},"23":{"start":{"line":59,"column":32},"end":{"line":59,"column":53}},"24":{"start":{"line":60,"column":2},"end":{"line":63,"column":3}},"25":{"start":{"line":61,"column":4},"end":{"line":61,"column":35}},"26":{"start":{"line":62,"column":4},"end":{"line":62,"column":29}},"27":{"start":{"line":66,"column":23},"end":{"line":66,"column":58}},"28":{"start":{"line":69,"column":33},"end":{"line":69,"column":69}},"29":{"start":{"line":70,"column":29},"end":{"line":70,"column":38}},"30":{"start":{"line":72,"column":2},"end":{"line":72,"column":20}},"31":{"start":{"line":75,"column":0},"end":{"line":75,"column":30}}},"fnMap":{"0":{"name":"fetchGamesData","decl":{"start":{"line":5,"column":15},"end":{"line":5,"column":29}},"loc":{"start":{"line":5,"column":48},"end":{"line":73,"column":1}}},"1":{"name":"(anonymous_1)","decl":{"start":{"line":27,"column":15},"end":{"line":27,"column":20}},"loc":{"start":{"line":27,"column":41},"end":{"line":51,"column":3}}},"2":{"name":"(anonymous_2)","decl":{"start":{"line":57,"column":38},"end":{"line":57,"column":39}},"loc":{"start":{"line":57,"column":52},"end":{"line":57,"column":68}}}},"branchMap":{"0":{"loc":{"start":{"line":8,"column":2},"end":{"line":10,"column":3}},"type":"if","locations":[{"start":{"line":8,"column":2},"end":{"line":10,"column":3}}]},"1":{"loc":{"start":{"line":13,"column":32},"end":{"line":13,"column":77}},"type":"binary-expr","locations":[{"start":{"line":13,"column":32},"end":{"line":13,"column":70}},{"start":{"line":13,"column":74},"end":{"line":13,"column":77}}]},"2":{"loc":{"start":{"line":17,"column":2},"end":{"line":19,"column":3}},"type":"if","locations":[{"start":{"line":17,"column":2},"end":{"line":19,"column":3}}]},"3":{"loc":{"start":{"line":33,"column":4},"end":{"line":35,"column":5}},"type":"if","locations":[{"start":{"line":33,"column":4},"end":{"line":35,"column":5}}]}},"s":{"0":8,"1":1,"2":1,"3":0,"4":1,"5":1,"6":1,"7":0,"8":1,"9":1,"10":1,"11":2,"12":2,"13":1,"14":1,"15":1,"16":1,"17":1,"18":1,"19":1,"20":1,"21":1,"22":1,"23":1,"24":1,"25":1,"26":1,"27":1,"28":0,"29":0,"30":0,"31":8},"f":{"0":1,"1":2,"2":1},"b":{"0":[0],"1":[1,0],"2":[0],"3":[1]}}
,"/Users/austincavanagh/Desktop/games/src/functions/filterGames.ts": {"path":"/Users/austincavanagh/Desktop/games/src/functions/filterGames.ts","statementMap":{"0":{"start":{"line":5,"column":55},"end":{"line":5,"column":66}},"1":{"start":{"line":7,"column":24},"end":{"line":9,"column":4}},"2":{"start":{"line":8,"column":4},"end":{"line":8,"column":69}},"3":{"start":{"line":11,"column":25},"end":{"line":15,"column":4}},"4":{"start":{"line":12,"column":4},"end":{"line":12,"column":44}},"5":{"start":{"line":12,"column":32},"end":{"line":12,"column":44}},"6":{"start":{"line":13,"column":4},"end":{"line":13,"column":70}},"7":{"start":{"line":13,"column":34},"end":{"line":13,"column":70}},"8":{"start":{"line":14,"column":4},"end":{"line":14,"column":70}},"9":{"start":{"line":14,"column":33},"end":{"line":14,"column":70}},"10":{"start":{"line":17,"column":24},"end":{"line":21,"column":4}},"11":{"start":{"line":18,"column":4},"end":{"line":18,"column":43}},"12":{"start":{"line":18,"column":31},"end":{"line":18,"column":43}},"13":{"start":{"line":19,"column":4},"end":{"line":19,"column":68}},"14":{"start":{"line":19,"column":33},"end":{"line":19,"column":68}},"15":{"start":{"line":20,"column":4},"end":{"line":20,"column":68}},"16":{"start":{"line":20,"column":32},"end":{"line":20,"column":68}},"17":{"start":{"line":23,"column":2},"end":{"line":23,"column":23}},"18":{"start":{"line":26,"column":0},"end":{"line":26,"column":27}}},"fnMap":{"0":{"name":"filterGames","decl":{"start":{"line":4,"column":9},"end":{"line":4,"column":20}},"loc":{"start":{"line":4,"column":60},"end":{"line":24,"column":1}}},"1":{"name":"(anonymous_1)","decl":{"start":{"line":7,"column":37},"end":{"line":7,"column":41}},"loc":{"start":{"line":7,"column":44},"end":{"line":9,"column":3}}},"2":{"name":"(anonymous_2)","decl":{"start":{"line":11,"column":46},"end":{"line":11,"column":50}},"loc":{"start":{"line":11,"column":53},"end":{"line":15,"column":3}}},"3":{"name":"(anonymous_3)","decl":{"start":{"line":17,"column":46},"end":{"line":17,"column":50}},"loc":{"start":{"line":17,"column":53},"end":{"line":21,"column":3}}}},"branchMap":{"0":{"loc":{"start":{"line":12,"column":4},"end":{"line":12,"column":44}},"type":"if","locations":[{"start":{"line":12,"column":4},"end":{"line":12,"column":44}}]},"1":{"loc":{"start":{"line":13,"column":4},"end":{"line":13,"column":70}},"type":"if","locations":[{"start":{"line":13,"column":4},"end":{"line":13,"column":70}}]},"2":{"loc":{"start":{"line":14,"column":4},"end":{"line":14,"column":70}},"type":"if","locations":[{"start":{"line":14,"column":4},"end":{"line":14,"column":70}}]},"3":{"loc":{"start":{"line":18,"column":4},"end":{"line":18,"column":43}},"type":"if","locations":[{"start":{"line":18,"column":4},"end":{"line":18,"column":43}}]},"4":{"loc":{"start":{"line":19,"column":4},"end":{"line":19,"column":68}},"type":"if","locations":[{"start":{"line":19,"column":4},"end":{"line":19,"column":68}}]},"5":{"loc":{"start":{"line":20,"column":4},"end":{"line":20,"column":68}},"type":"if","locations":[{"start":{"line":20,"column":4},"end":{"line":20,"column":68}}]}},"s":{"0":7,"1":7,"2":19,"3":7,"4":16,"5":10,"6":6,"7":3,"8":3,"9":3,"10":7,"11":13,"12":7,"13":6,"14":3,"15":3,"16":3,"17":7,"18":2},"f":{"0":7,"1":19,"2":16,"3":13},"b":{"0":[10],"1":[3],"2":[3],"3":[7],"4":[3],"5":[3]}}
,"/Users/austincavanagh/Desktop/games/src/functions/sortGames.ts": {"path":"/Users/austincavanagh/Desktop/games/src/functions/sortGames.ts","statementMap":{"0":{"start":{"line":4,"column":2},"end":{"line":17,"column":3}},"1":{"start":{"line":6,"column":6},"end":{"line":6,"column":63}},"2":{"start":{"line":6,"column":44},"end":{"line":6,"column":61}},"3":{"start":{"line":8,"column":6},"end":{"line":8,"column":74}},"4":{"start":{"line":8,"column":44},"end":{"line":8,"column":72}},"5":{"start":{"line":10,"column":6},"end":{"line":10,"column":74}},"6":{"start":{"line":10,"column":44},"end":{"line":10,"column":72}},"7":{"start":{"line":12,"column":6},"end":{"line":14,"column":8}},"8":{"start":{"line":13,"column":18},"end":{"line":13,"column":57}},"9":{"start":{"line":16,"column":6},"end":{"line":16,"column":24}},"10":{"start":{"line":20,"column":0},"end":{"line":20,"column":25}}},"fnMap":{"0":{"name":"sortGames","decl":{"start":{"line":3,"column":9},"end":{"line":3,"column":18}},"loc":{"start":{"line":3,"column":59},"end":{"line":18,"column":1}}},"1":{"name":"(anonymous_1)","decl":{"start":{"line":6,"column":34},"end":{"line":6,"column":35}},"loc":{"start":{"line":6,"column":44},"end":{"line":6,"column":61}}},"2":{"name":"(anonymous_2)","decl":{"start":{"line":8,"column":34},"end":{"line":8,"column":35}},"loc":{"start":{"line":8,"column":44},"end":{"line":8,"column":72}}},"3":{"name":"(anonymous_3)","decl":{"start":{"line":10,"column":34},"end":{"line":10,"column":35}},"loc":{"start":{"line":10,"column":44},"end":{"line":10,"column":72}}},"4":{"name":"(anonymous_4)","decl":{"start":{"line":13,"column":8},"end":{"line":13,"column":9}},"loc":{"start":{"line":13,"column":18},"end":{"line":13,"column":57}}}},"branchMap":{"0":{"loc":{"start":{"line":4,"column":2},"end":{"line":17,"column":3}},"type":"switch","locations":[{"start":{"line":5,"column":4},"end":{"line":6,"column":63}},{"start":{"line":7,"column":4},"end":{"line":8,"column":74}},{"start":{"line":9,"column":4},"end":{"line":10,"column":74}},{"start":{"line":11,"column":4},"end":{"line":14,"column":8}},{"start":{"line":15,"column":4},"end":{"line":16,"column":24}}]}},"s":{"0":6,"1":2,"2":4,"3":1,"4":4,"5":1,"6":4,"7":1,"8":4,"9":1,"10":2},"f":{"0":6,"1":4,"2":4,"3":4,"4":4},"b":{"0":[2,1,1,1,1]}}
,"/Users/austincavanagh/Desktop/games/src/functions/startAndEndPage.ts": {"path":"/Users/austincavanagh/Desktop/games/src/functions/startAndEndPage.ts","statementMap":{"0":{"start":{"line":5,"column":2},"end":{"line":14,"column":3}},"1":{"start":{"line":6,"column":4},"end":{"line":6,"column":18}},"2":{"start":{"line":7,"column":4},"end":{"line":7,"column":38}},"3":{"start":{"line":8,"column":9},"end":{"line":14,"column":3}},"4":{"start":{"line":9,"column":4},"end":{"line":9,"column":44}},"5":{"start":{"line":10,"column":4},"end":{"line":10,"column":25}},"6":{"start":{"line":12,"column":4},"end":{"line":12,"column":32}},"7":{"start":{"line":13,"column":4},"end":{"line":13,"column":30}},"8":{"start":{"line":16,"column":2},"end":{"line":16,"column":32}},"9":{"start":{"line":19,"column":0},"end":{"line":19,"column":31}}},"fnMap":{"0":{"name":"startAndEndPage","decl":{"start":{"line":1,"column":9},"end":{"line":1,"column":24}},"loc":{"start":{"line":1,"column":64},"end":{"line":17,"column":1}}}},"branchMap":{"0":{"loc":{"start":{"line":5,"column":2},"end":{"line":14,"column":3}},"type":"if","locations":[{"start":{"line":5,"column":2},"end":{"line":14,"column":3}},{"start":{"line":8,"column":9},"end":{"line":14,"column":3}}]},"1":{"loc":{"start":{"line":8,"column":9},"end":{"line":14,"column":3}},"type":"if","locations":[{"start":{"line":8,"column":9},"end":{"line":14,"column":3}},{"start":{"line":11,"column":9},"end":{"line":14,"column":3}}]}},"s":{"0":15,"1":10,"2":10,"3":5,"4":3,"5":3,"6":2,"7":2,"8":15,"9":4},"f":{"0":15},"b":{"0":[10,5],"1":[3,2]}}
,"/Users/austincavanagh/Desktop/games/src/state/slices/resultsSlice.ts": {"path":"/Users/austincavanagh/Desktop/games/src/state/slices/resultsSlice.ts","statementMap":{"0":{"start":{"line":1,"column":0},"end":{"line":1,"column":80}},"1":{"start":{"line":3,"column":0},"end":{"line":3,"column":60}},"2":{"start":{"line":4,"column":0},"end":{"line":4,"column":33}},"3":{"start":{"line":17,"column":35},"end":{"line":26,"column":2}},"4":{"start":{"line":28,"column":21},"end":{"line":78,"column":2}},"5":{"start":{"line":33,"column":6},"end":{"line":33,"column":45}},"6":{"start":{"line":36,"column":6},"end":{"line":36,"column":41}},"7":{"start":{"line":39,"column":6},"end":{"line":39,"column":42}},"8":{"start":{"line":42,"column":6},"end":{"line":42,"column":40}},"9":{"start":{"line":45,"column":6},"end":{"line":45,"column":33}},"10":{"start":{"line":48,"column":6},"end":{"line":48,"column":28}},"11":{"start":{"line":52,"column":4},"end":{"line":76,"column":9}},"12":{"start":{"line":54,"column":8},"end":{"line":54,"column":66}},"13":{"start":{"line":54,"column":43},"end":{"line":54,"column":66}},"14":{"start":{"line":55,"column":8},"end":{"line":55,"column":30}},"15":{"start":{"line":60,"column":10},"end":{"line":64,"column":11}},"16":{"start":{"line":61,"column":12},"end":{"line":61,"column":36}},"17":{"start":{"line":62,"column":12},"end":{"line":62,"column":46}},"18":{"start":{"line":63,"column":12},"end":{"line":63,"column":19}},"19":{"start":{"line":66,"column":29},"end":{"line":66,"column":45}},"20":{"start":{"line":67,"column":32},"end":{"line":67,"column":46}},"21":{"start":{"line":69,"column":28},"end":{"line":69,"column":62}},"22":{"start":{"line":70,"column":10},"end":{"line":70,"column":51}},"23":{"start":{"line":70,"column":25},"end":{"line":70,"column":51}},"24":{"start":{"line":74,"column":8},"end":{"line":74,"column":32}},"25":{"start":{"line":75,"column":8},"end":{"line":75,"column":29}},"26":{"start":{"line":80,"column":13},"end":{"line":94,"column":3}},"27":{"start":{"line":85,"column":2},"end":{"line":93,"column":3}},"28":{"start":{"line":86,"column":18},"end":{"line":86,"column":48}},"29":{"start":{"line":87,"column":4},"end":{"line":87,"column":17}},"30":{"start":{"line":89,"column":4},"end":{"line":91,"column":5}},"31":{"start":{"line":90,"column":6},"end":{"line":90,"column":44}},"32":{"start":{"line":92,"column":4},"end":{"line":92,"column":56}},"33":{"start":{"line":96,"column":13},"end":{"line":102,"column":null}},"34":{"start":{"line":105,"column":0},"end":{"line":105,"column":36}}},"fnMap":{"0":{"name":"(anonymous_0)","decl":{"start":{"line":32,"column":24},"end":{"line":32,"column":25}},"loc":{"start":{"line":32,"column":65},"end":{"line":34,"column":5}}},"1":{"name":"(anonymous_1)","decl":{"start":{"line":35,"column":20},"end":{"line":35,"column":21}},"loc":{"start":{"line":35,"column":61},"end":{"line":37,"column":5}}},"2":{"name":"(anonymous_2)","decl":{"start":{"line":38,"column":21},"end":{"line":38,"column":22}},"loc":{"start":{"line":38,"column":67},"end":{"line":40,"column":5}}},"3":{"name":"(anonymous_3)","decl":{"start":{"line":41,"column":19},"end":{"line":41,"column":20}},"loc":{"start":{"line":41,"column":60},"end":{"line":43,"column":5}}},"4":{"name":"(anonymous_4)","decl":{"start":{"line":44,"column":23},"end":{"line":44,"column":28}},"loc":{"start":{"line":44,"column":31},"end":{"line":46,"column":5}}},"5":{"name":"(anonymous_5)","decl":{"start":{"line":47,"column":21},"end":{"line":47,"column":26}},"loc":{"start":{"line":47,"column":29},"end":{"line":49,"column":5}}},"6":{"name":"(anonymous_6)","decl":{"start":{"line":51,"column":17},"end":{"line":51,"column":24}},"loc":{"start":{"line":51,"column":27},"end":{"line":77,"column":3}}},"7":{"name":"(anonymous_7)","decl":{"start":{"line":53,"column":40},"end":{"line":53,"column":45}},"loc":{"start":{"line":53,"column":48},"end":{"line":56,"column":7}}},"8":{"name":"(anonymous_8)","decl":{"start":{"line":59,"column":8},"end":{"line":59,"column":9}},"loc":{"start":{"line":59,"column":49},"end":{"line":71,"column":9}}},"9":{"name":"(anonymous_9)","decl":{"start":{"line":73,"column":41},"end":{"line":73,"column":46}},"loc":{"start":{"line":73,"column":49},"end":{"line":76,"column":7}}},"10":{"name":"(anonymous_10)","decl":{"start":{"line":84,"column":29},"end":{"line":84,"column":34}},"loc":{"start":{"line":84,"column":72},"end":{"line":94,"column":1}}}},"branchMap":{"0":{"loc":{"start":{"line":54,"column":8},"end":{"line":54,"column":66}},"type":"if","locations":[{"start":{"line":54,"column":8},"end":{"line":54,"column":66}}]},"1":{"loc":{"start":{"line":60,"column":10},"end":{"line":64,"column":11}},"type":"if","locations":[{"start":{"line":60,"column":10},"end":{"line":64,"column":11}}]},"2":{"loc":{"start":{"line":70,"column":10},"end":{"line":70,"column":51}},"type":"if","locations":[{"start":{"line":70,"column":10},"end":{"line":70,"column":51}}]},"3":{"loc":{"start":{"line":89,"column":4},"end":{"line":91,"column":5}},"type":"if","locations":[{"start":{"line":89,"column":4},"end":{"line":91,"column":5}}]}},"s":{"0":8,"1":8,"2":8,"3":8,"4":8,"5":1,"6":1,"7":1,"8":1,"9":1,"10":1,"11":1,"12":0,"13":0,"14":0,"15":0,"16":0,"17":0,"18":0,"19":0,"20":0,"21":0,"22":0,"23":0,"24":0,"25":0,"26":8,"27":0,"28":0,"29":0,"30":0,"31":0,"32":0,"33":8,"34":8},"f":{"0":1,"1":1,"2":1,"3":1,"4":1,"5":1,"6":1,"7":0,"8":0,"9":0,"10":0},"b":{"0":[0],"1":[0],"2":[0],"3":[0]}}
,"/Users/austincavanagh/Desktop/games/src/state/slices/searchSlice.ts": {"path":"/Users/austincavanagh/Desktop/games/src/state/slices/searchSlice.ts","statementMap":{"0":{"start":{"line":1,"column":0},"end":{"line":1,"column":62}},"1":{"start":{"line":10,"column":34},"end":{"line":15,"column":2}},"2":{"start":{"line":17,"column":20},"end":{"line":34,"column":2}},"3":{"start":{"line":22,"column":6},"end":{"line":22,"column":39}},"4":{"start":{"line":25,"column":6},"end":{"line":25,"column":44}},"5":{"start":{"line":28,"column":6},"end":{"line":28,"column":43}},"6":{"start":{"line":31,"column":6},"end":{"line":31,"column":42}},"7":{"start":{"line":36,"column":13},"end":{"line":40,"column":null}},"8":{"start":{"line":43,"column":0},"end":{"line":43,"column":35}}},"fnMap":{"0":{"name":"(anonymous_0)","decl":{"start":{"line":21,"column":18},"end":{"line":21,"column":19}},"loc":{"start":{"line":21,"column":59},"end":{"line":23,"column":5}}},"1":{"name":"(anonymous_1)","decl":{"start":{"line":24,"column":23},"end":{"line":24,"column":24}},"loc":{"start":{"line":24,"column":64},"end":{"line":26,"column":5}}},"2":{"name":"(anonymous_2)","decl":{"start":{"line":27,"column":22},"end":{"line":27,"column":23}},"loc":{"start":{"line":27,"column":63},"end":{"line":29,"column":5}}},"3":{"name":"(anonymous_3)","decl":{"start":{"line":30,"column":21},"end":{"line":30,"column":22}},"loc":{"start":{"line":30,"column":62},"end":{"line":32,"column":5}}}},"branchMap":{},"s":{"0":6,"1":6,"2":6,"3":1,"4":1,"5":1,"6":1,"7":6,"8":6},"f":{"0":1,"1":1,"2":1,"3":1},"b":{}}
}
