TN:
SF:src/components/pages/PageNumbers.tsx
FN:6,PageNumbers
FN:8,(anonymous_1)
FN:12,(anonymous_2)
FN:24,(anonymous_3)
FN:25,(anonymous_4)
FN:29,(anonymous_5)
FNF:6
FNH:6
FNDA:7,PageNumbers
FNDA:14,(anonymous_1)
FNDA:1,(anonymous_2)
FNDA:23,(anonymous_3)
FNDA:23,(anonymous_4)
FNDA:1,(anonymous_5)
DA:1,3
DA:3,3
DA:4,3
DA:7,7
DA:8,14
DA:10,7
DA:12,7
DA:13,1
DA:14,1
DA:17,7
DA:18,7
DA:20,7
DA:24,23
DA:26,23
DA:30,1
DA:31,1
DA:47,3
LF:17
LH:17
BRDA:34,0,0,7
BRDA:34,0,1,16
BRDA:38,1,0,7
BRDA:38,1,1,16
BRF:4
BRH:4
end_of_record
TN:
SF:src/components/pages/PagesDisplayLeft.tsx
FN:4,PagesDisplayLeft
FN:6,(anonymous_1)
FNF:2
FNH:2
FNDA:2,PagesDisplayLeft
FNDA:4,(anonymous_1)
DA:1,2
DA:5,2
DA:6,4
DA:9,2
DA:11,2
DA:13,2
DA:32,2
LF:7
LH:7
BRDA:9,0,0,1
BRDA:9,0,1,1
BRDA:11,1,0,1
BRDA:11,1,1,1
BRF:4
BRH:4
end_of_record
TN:
SF:src/components/pages/PagesDisplayRight.tsx
FN:7,PagesDisplayRight
FN:9,(anonymous_1)
FN:14,(anonymous_2)
FN:25,(anonymous_3)
FN:39,(anonymous_4)
FNF:5
FNH:5
FNDA:5,PagesDisplayRight
FNDA:10,(anonymous_1)
FNDA:3,(anonymous_2)
FNDA:2,(anonymous_3)
FNDA:1,(anonymous_4)
DA:1,2
DA:2,2
DA:4,2
DA:5,2
DA:8,5
DA:9,10
DA:11,5
DA:12,5
DA:14,5
DA:15,3
DA:16,3
DA:17,2
DA:20,5
DA:26,2
DA:27,2
DA:40,1
DA:41,1
DA:55,2
LF:18
LH:18
BRDA:16,0,0,1
BRDA:16,1,0,3
BRDA:16,1,1,2
BRF:3
BRH:3
end_of_record
TN:
SF:src/components/popups/SelectedGamePopup.tsx
FN:7,SelectedGamePopup
FN:8,(anonymous_1)
FN:10,(anonymous_2)
FN:17,(anonymous_3)
FN:23,(anonymous_4)
FNF:5
FNH:4
FNDA:3,SelectedGamePopup
FNDA:5,(anonymous_1)
FNDA:0,(anonymous_2)
FNDA:1,(anonymous_3)
FNDA:1,(anonymous_4)
DA:1,3
DA:2,3
DA:3,3
DA:5,3
DA:8,5
DA:9,3
DA:10,3
DA:12,3
DA:14,3
DA:16,3
DA:17,1
DA:20,3
DA:22,3
DA:23,1
DA:26,3
DA:139,3
LF:16
LH:16
BRDA:16,0,0,1
BRDA:16,0,1,2
BRDA:16,1,0,3
BRDA:16,1,1,3
BRDA:22,2,0,1
BRDA:22,2,1,2
BRDA:22,3,0,3
BRDA:22,3,1,3
BRDA:69,4,0,0
BRDA:69,4,1,3
BRDA:80,5,0,0
BRDA:80,5,1,3
BRDA:95,6,0,1
BRDA:95,6,1,2
BRDA:107,7,0,1
BRDA:107,7,1,2
BRF:16
BRH:14
end_of_record
TN:
SF:src/components/popups/UpdateGamesPopup.tsx
FN:12,UpdateGamePopup
FN:13,(anonymous_1)
FN:16,(anonymous_2)
FN:22,(anonymous_3)
FNF:4
FNH:4
FNDA:3,UpdateGamePopup
FNDA:6,(anonymous_1)
FNDA:1,(anonymous_2)
FNDA:1,(anonymous_3)
DA:1,1
DA:2,1
DA:3,1
DA:4,1
DA:6,1
DA:13,6
DA:14,3
DA:16,3
DA:17,1
DA:18,1
DA:19,1
DA:22,3
DA:23,1
DA:26,3
DA:86,1
LF:15
LH:15
BRF:0
BRH:0
end_of_record
TN:
SF:src/components/results/ErrorDisplay.tsx
FN:1,ErrorDisplay
FNF:1
FNH:1
FNDA:1,ErrorDisplay
DA:2,1
DA:11,1
LF:2
LH:2
BRF:0
BRH:0
end_of_record
TN:
SF:src/components/results/LoadingDisplay.tsx
FN:4,LoadingDisplay
FN:5,(anonymous_1)
FNF:2
FNH:2
FNDA:1,LoadingDisplay
FNDA:2,(anonymous_1)
DA:1,1
DA:5,2
DA:7,1
DA:8,1
DA:9,1
DA:11,1
DA:41,1
LF:7
LH:7
BRF:0
BRH:0
end_of_record
TN:
SF:src/components/results/ResultsDisplay.tsx
FN:14,ResultsDisplay
FN:16,(anonymous_1)
FN:18,(anonymous_2)
FN:26,(anonymous_3)
FN:38,(anonymous_4)
FN:51,(anonymous_5)
FN:54,(anonymous_6)
FN:62,(anonymous_7)
FNF:8
FNH:8
FNDA:8,ResultsDisplay
FNDA:12,(anonymous_1)
FNDA:12,(anonymous_2)
FNDA:4,(anonymous_3)
FNDA:1,(anonymous_4)
FNDA:8,(anonymous_5)
FNDA:1,(anonymous_6)
FNDA:1,(anonymous_7)
DA:1,2
DA:4,2
DA:9,2
DA:10,2
DA:11,2
DA:12,2
DA:15,8
DA:16,12
DA:18,12
DA:19,8
DA:23,8
DA:26,8
DA:27,4
DA:28,4
DA:29,4
DA:32,4
DA:33,4
DA:38,8
DA:40,8
DA:41,8
DA:42,8
DA:43,8
DA:45,8
DA:52,8
DA:54,1
DA:63,1
DA:104,2
LF:27
LH:27
BRDA:76,0,0,2
BRDA:76,0,1,6
BRDA:87,1,0,2
BRDA:87,1,1,6
BRDA:99,2,0,8
BRDA:99,2,1,2
BRF:6
BRH:6
end_of_record
TN:
SF:src/components/search/AddonsDropdown.tsx
FN:11,AddonsDropdown
FN:13,(anonymous_1)
FN:17,(anonymous_2)
FN:23,(anonymous_3)
FN:57,(anonymous_4)
FN:60,(anonymous_5)
FN:68,(anonymous_6)
FNF:7
FNH:7
FNDA:6,AddonsDropdown
FNDA:12,(anonymous_1)
FNDA:1,(anonymous_2)
FNDA:11,(anonymous_3)
FNDA:33,(anonymous_4)
FNDA:12,(anonymous_5)
FNDA:12,(anonymous_6)
DA:1,2
DA:2,2
DA:3,2
DA:4,2
DA:6,2
DA:7,2
DA:9,2
DA:12,6
DA:13,12
DA:15,6
DA:17,6
DA:18,1
DA:21,6
DA:24,11
DA:58,33
DA:61,12
DA:69,12
DA:102,2
LF:18
LH:18
BRDA:37,0,0,9
BRDA:37,0,1,2
BRDA:62,1,0,2
BRDA:62,1,1,10
BRDA:72,2,0,4
BRDA:72,2,1,8
BRDA:79,3,0,4
BRDA:79,3,1,8
BRDA:82,4,0,1
BRDA:82,4,1,3
BRF:10
BRH:10
end_of_record
TN:
SF:src/components/search/NameInput.tsx
FN:6,NameInput
FN:7,(anonymous_1)
FN:9,(anonymous_2)
FN:22,(anonymous_3)
FN:23,(anonymous_4)
FNF:5
FNH:5
FNDA:3,NameInput
FNDA:6,(anonymous_1)
FNDA:6,(anonymous_2)
FNDA:6,(anonymous_3)
FNDA:4,(anonymous_4)
DA:1,2
DA:2,2
DA:4,2
DA:7,6
DA:8,3
DA:9,6
DA:11,3
DA:22,6
DA:23,4
DA:31,2
LF:10
LH:10
BRF:0
BRH:0
end_of_record
TN:
SF:src/components/search/SortDropdown.tsx
FN:11,SortDropdown
FN:12,(anonymous_1)
FN:15,(anonymous_2)
FN:22,(anonymous_3)
FN:24,(anonymous_4)
FN:47,(anonymous_5)
FN:50,(anonymous_6)
FN:58,(anonymous_7)
FNF:8
FNH:6
FNDA:7,SortDropdown
FNDA:12,(anonymous_1)
FNDA:0,(anonymous_2)
FNDA:0,(anonymous_3)
FNDA:14,(anonymous_4)
FNDA:56,(anonymous_5)
FNDA:32,(anonymous_6)
FNDA:32,(anonymous_7)
DA:1,2
DA:2,2
DA:3,2
DA:4,2
DA:5,2
DA:7,2
DA:9,2
DA:12,12
DA:13,6
DA:15,6
DA:16,0
DA:19,6
DA:22,0
DA:25,14
DA:48,56
DA:51,32
DA:59,32
DA:91,2
LF:18
LH:16
BRDA:52,0,0,4
BRDA:52,0,1,28
BRDA:63,1,0,8
BRDA:63,1,1,24
BRDA:68,2,0,8
BRDA:68,2,1,24
BRDA:71,3,0,4
BRDA:71,3,1,4
BRF:8
BRH:8
end_of_record
TN:
SF:src/components/search/VoiceDropdown.tsx
FN:11,VoiceDropdown
FN:13,(anonymous_1)
FN:17,(anonymous_2)
FN:23,(anonymous_3)
FN:59,(anonymous_4)
FN:62,(anonymous_5)
FN:70,(anonymous_6)
FNF:7
FNH:7
FNDA:7,VoiceDropdown
FNDA:14,(anonymous_1)
FNDA:1,(anonymous_2)
FNDA:16,(anonymous_3)
FNDA:48,(anonymous_4)
FNDA:24,(anonymous_5)
FNDA:24,(anonymous_6)
DA:1,2
DA:2,2
DA:3,2
DA:4,2
DA:6,2
DA:7,2
DA:9,2
DA:12,7
DA:13,14
DA:15,7
DA:17,7
DA:18,1
DA:21,7
DA:24,16
DA:60,48
DA:63,24
DA:71,24
DA:104,2
LF:18
LH:18
BRDA:38,0,0,15
BRDA:38,0,1,1
BRDA:64,1,0,4
BRDA:64,1,1,20
BRDA:74,2,0,8
BRDA:74,2,1,16
BRDA:81,3,0,8
BRDA:81,3,1,16
BRDA:84,4,0,3
BRDA:84,4,1,5
BRF:10
BRH:10
end_of_record
TN:
SF:src/containers/PagesContainer.tsx
FN:4,PagesContainer
FNF:1
FNH:1
FNDA:1,PagesContainer
DA:1,1
DA:2,1
DA:5,1
DA:13,1
LF:4
LH:4
BRF:0
BRH:0
end_of_record
TN:
SF:src/containers/ResultsContainer.tsx
FN:7,ResultsContainer
FN:9,(anonymous_1)
FNF:2
FNH:2
FNDA:3,ResultsContainer
FNDA:6,(anonymous_1)
DA:1,1
DA:3,1
DA:4,1
DA:5,1
DA:8,3
DA:9,6
DA:12,3
DA:21,1
LF:8
LH:8
BRDA:14,0,0,3
BRDA:14,0,1,1
BRDA:15,1,0,3
BRDA:15,1,1,1
BRDA:16,2,0,3
BRDA:16,2,1,2
BRDA:16,2,2,1
BRF:7
BRH:7
end_of_record
TN:
SF:src/containers/SearchContainer.tsx
FN:6,SearchContainer
FNF:1
FNH:1
FNDA:1,SearchContainer
DA:1,1
DA:2,1
DA:3,1
DA:4,1
DA:7,1
DA:27,1
LF:6
LH:6
BRF:0
BRH:0
end_of_record
TN:
SF:src/functions/classNames.ts
FN:1,classNames
FNF:1
FNH:1
FNDA:116,classNames
DA:2,116
DA:5,4
LF:2
LH:2
BRF:0
BRH:0
end_of_record
TN:
SF:src/functions/fetchGamesData.ts
FN:5,fetchGamesData
FN:27,(anonymous_1)
FN:57,(anonymous_2)
FNF:3
FNH:3
FNDA:3,fetchGamesData
FNDA:2,(anonymous_1)
FNDA:1,(anonymous_2)
DA:2,8
DA:6,3
DA:8,3
DA:9,1
DA:13,2
DA:14,2
DA:17,2
DA:18,1
DA:22,1
DA:25,1
DA:27,1
DA:30,2
DA:33,2
DA:34,1
DA:38,1
DA:39,1
DA:44,1
DA:47,1
DA:50,1
DA:54,1
DA:57,1
DA:58,1
DA:59,1
DA:60,1
DA:61,1
DA:62,1
DA:66,1
DA:69,1
DA:70,1
DA:72,1
DA:75,8
LF:31
LH:31
BRDA:8,0,0,1
BRDA:13,1,0,2
BRDA:13,1,1,1
BRDA:17,2,0,1
BRDA:33,3,0,1
BRF:5
BRH:5
end_of_record
TN:
SF:src/functions/filterGames.ts
FN:4,filterGames
FN:7,(anonymous_1)
FN:11,(anonymous_2)
FN:17,(anonymous_3)
FNF:4
FNH:4
FNDA:10,filterGames
FNDA:22,(anonymous_1)
FNDA:19,(anonymous_2)
FNDA:16,(anonymous_3)
DA:5,10
DA:7,10
DA:8,22
DA:11,10
DA:12,19
DA:13,6
DA:14,3
DA:17,10
DA:18,16
DA:19,6
DA:20,3
DA:23,10
DA:26,3
LF:13
LH:13
BRDA:12,0,0,13
BRDA:13,1,0,3
BRDA:14,2,0,3
BRDA:18,3,0,10
BRDA:19,4,0,3
BRDA:20,5,0,3
BRF:6
BRH:6
end_of_record
TN:
SF:src/functions/sortGames.ts
FN:3,sortGames
FN:6,(anonymous_1)
FN:8,(anonymous_2)
FN:10,(anonymous_3)
FN:13,(anonymous_4)
FNF:5
FNH:5
FNDA:9,sortGames
FNDA:4,(anonymous_1)
FNDA:4,(anonymous_2)
FNDA:4,(anonymous_3)
FNDA:4,(anonymous_4)
DA:4,9
DA:6,5
DA:8,4
DA:10,4
DA:12,1
DA:13,4
DA:16,1
DA:20,3
LF:8
LH:8
BRDA:4,0,0,5
BRDA:4,0,1,1
BRDA:4,0,2,1
BRDA:4,0,3,1
BRDA:4,0,4,1
BRF:5
BRH:5
end_of_record
TN:
SF:src/functions/startAndEndPage.ts
FN:1,startAndEndPage
FNF:1
FNH:1
FNDA:17,startAndEndPage
DA:5,17
DA:6,12
DA:7,12
DA:8,5
DA:9,3
DA:10,3
DA:12,2
DA:13,2
DA:16,17
DA:19,4
LF:10
LH:10
BRDA:5,0,0,12
BRDA:5,0,1,5
BRDA:8,1,0,3
BRDA:8,1,1,2
BRF:4
BRH:4
end_of_record
TN:
SF:src/state/slices/resultsSlice.ts
FN:32,(anonymous_0)
FN:35,(anonymous_1)
FN:38,(anonymous_2)
FN:41,(anonymous_3)
FN:44,(anonymous_4)
FN:47,(anonymous_5)
FN:51,(anonymous_6)
FN:53,(anonymous_7)
FN:59,(anonymous_8)
FN:73,(anonymous_9)
FN:84,(anonymous_10)
FNF:11
FNH:11
FNDA:1,(anonymous_0)
FNDA:1,(anonymous_1)
FNDA:1,(anonymous_2)
FNDA:1,(anonymous_3)
FNDA:1,(anonymous_4)
FNDA:1,(anonymous_5)
FNDA:1,(anonymous_6)
FNDA:2,(anonymous_7)
FNDA:1,(anonymous_8)
FNDA:1,(anonymous_9)
FNDA:2,(anonymous_10)
DA:1,9
DA:3,9
DA:4,9
DA:17,9
DA:28,9
DA:33,1
DA:36,1
DA:39,1
DA:42,1
DA:45,1
DA:48,1
DA:52,1
DA:54,2
DA:55,2
DA:60,1
DA:61,1
DA:62,1
DA:63,1
DA:66,0
DA:67,0
DA:69,0
DA:70,0
DA:74,1
DA:75,1
DA:80,9
DA:85,2
DA:86,2
DA:87,1
DA:89,1
DA:90,1
DA:92,0
DA:96,9
DA:105,9
LF:33
LH:28
BRDA:54,0,0,2
BRDA:60,1,0,1
BRDA:70,2,0,0
BRDA:89,3,0,1
BRF:4
BRH:3
end_of_record
TN:
SF:src/state/slices/searchSlice.ts
FN:21,(anonymous_0)
FN:24,(anonymous_1)
FN:27,(anonymous_2)
FN:30,(anonymous_3)
FNF:4
FNH:4
FNDA:1,(anonymous_0)
FNDA:1,(anonymous_1)
FNDA:1,(anonymous_2)
FNDA:1,(anonymous_3)
DA:1,6
DA:10,6
DA:17,6
DA:22,1
DA:25,1
DA:28,1
DA:31,1
DA:36,6
DA:43,6
LF:9
LH:9
BRF:0
BRH:0
end_of_record
