TN:
SF:src/components/pages/PageNumbers.tsx
FN:6,PageNumbers
FN:8,(anonymous_1)
FN:12,(anonymous_2)
FN:25,(anonymous_3)
FN:26,(anonymous_4)
FN:30,(anonymous_5)
FNF:6
FNH:4
FNDA:5,PageNumbers
FNDA:10,(anonymous_1)
FNDA:0,(anonymous_2)
FNDA:13,(anonymous_3)
FNDA:13,(anonymous_4)
FNDA:0,(anonymous_5)
DA:1,3
DA:3,3
DA:4,3
DA:7,5
DA:8,10
DA:10,5
DA:12,5
DA:13,0
DA:14,0
DA:15,0
DA:18,5
DA:19,5
DA:21,5
DA:25,13
DA:27,13
DA:31,0
DA:32,0
DA:48,3
LF:18
LH:13
BRDA:14,0,0,0
BRDA:14,1,0,0
BRDA:14,1,1,0
BRDA:35,2,0,5
BRDA:35,2,1,8
BRDA:39,3,0,5
BRDA:39,3,1,8
BRF:7
BRH:4
end_of_record
TN:
SF:src/components/pages/PagesDisplayLeft.tsx
FN:4,PagesDisplayLeft
FN:6,(anonymous_1)
FNF:2
FNH:2
FNDA:2,PagesDisplayLeft
FNDA:4,(anonymous_1)
DA:1,2
DA:5,2
DA:6,4
DA:9,2
DA:11,2
DA:13,2
DA:22,2
LF:7
LH:7
BRDA:9,0,0,2
BRDA:9,0,1,0
BRDA:11,1,0,2
BRDA:11,1,1,0
BRF:4
BRH:2
end_of_record
TN:
SF:src/components/pages/PagesDisplayRight.tsx
FN:7,PagesDisplayRight
FN:9,(anonymous_1)
FN:14,(anonymous_2)
FN:25,(anonymous_3)
FN:39,(anonymous_4)
FNF:5
FNH:5
FNDA:4,PagesDisplayRight
FNDA:8,(anonymous_1)
FNDA:2,(anonymous_2)
FNDA:1,(anonymous_3)
FNDA:1,(anonymous_4)
DA:1,2
DA:2,2
DA:4,2
DA:5,2
DA:8,4
DA:9,8
DA:11,4
DA:12,4
DA:14,4
DA:15,2
DA:16,2
DA:17,2
DA:20,4
DA:26,1
DA:27,1
DA:40,1
DA:41,1
DA:55,2
LF:18
LH:18
BRDA:16,0,0,0
BRDA:16,1,0,2
BRDA:16,1,1,2
BRF:3
BRH:2
end_of_record
TN:
SF:src/components/popups/SelectedGamePopup.tsx
FN:7,SelectedGamePopup
FN:8,(anonymous_1)
FN:10,(anonymous_2)
FN:17,(anonymous_3)
FN:23,(anonymous_4)
FNF:5
FNH:4
FNDA:1,SelectedGamePopup
FNDA:2,(anonymous_1)
FNDA:0,(anonymous_2)
FNDA:1,(anonymous_3)
FNDA:1,(anonymous_4)
DA:1,2
DA:2,2
DA:3,2
DA:5,2
DA:8,2
DA:9,1
DA:10,1
DA:12,1
DA:14,1
DA:16,1
DA:17,1
DA:20,1
DA:22,1
DA:23,1
DA:26,1
DA:139,2
LF:16
LH:16
BRDA:16,0,0,1
BRDA:16,0,1,0
BRDA:16,1,0,1
BRDA:16,1,1,1
BRDA:22,2,0,1
BRDA:22,2,1,0
BRDA:22,3,0,1
BRDA:22,3,1,1
BRDA:69,4,0,0
BRDA:69,4,1,1
BRDA:80,5,0,0
BRDA:80,5,1,1
BRDA:95,6,0,1
BRDA:95,6,1,0
BRDA:107,7,0,1
BRDA:107,7,1,0
BRF:16
BRH:10
end_of_record
TN:
SF:src/components/popups/UpdateGamesPopup.tsx
FN:12,UpdateGamePopup
FN:13,(anonymous_1)
FN:16,(anonymous_2)
FN:22,(anonymous_3)
FNF:4
FNH:4
FNDA:3,UpdateGamePopup
FNDA:6,(anonymous_1)
FNDA:1,(anonymous_2)
FNDA:1,(anonymous_3)
DA:1,1
DA:2,1
DA:3,1
DA:4,1
DA:6,1
DA:13,6
DA:14,3
DA:16,3
DA:17,1
DA:18,1
DA:19,1
DA:22,3
DA:23,1
DA:26,3
DA:86,1
LF:15
LH:15
BRF:0
BRH:0
end_of_record
TN:
SF:src/components/results/ErrorDisplay.tsx
FN:1,ErrorDisplay
FNF:1
FNH:1
FNDA:1,ErrorDisplay
DA:2,1
DA:11,1
LF:2
LH:2
BRF:0
BRH:0
end_of_record
TN:
SF:src/components/results/LoadingDisplay.tsx
FN:4,LoadingDisplay
FN:5,(anonymous_1)
FNF:2
FNH:2
FNDA:1,LoadingDisplay
FNDA:2,(anonymous_1)
DA:1,1
DA:5,2
DA:7,1
DA:8,1
DA:9,1
DA:11,1
DA:41,1
LF:7
LH:7
BRF:0
BRH:0
end_of_record
TN:
SF:src/components/results/ResultsDisplay.tsx
FN:14,ResultsDisplay
FN:16,(anonymous_1)
FN:18,(anonymous_2)
FN:26,(anonymous_3)
FN:38,(anonymous_4)
FN:51,(anonymous_5)
FN:54,(anonymous_6)
FN:61,(anonymous_7)
FNF:8
FNH:5
FNDA:2,ResultsDisplay
FNDA:3,(anonymous_1)
FNDA:3,(anonymous_2)
FNDA:1,(anonymous_3)
FNDA:0,(anonymous_4)
FNDA:2,(anonymous_5)
FNDA:0,(anonymous_6)
FNDA:0,(anonymous_7)
DA:1,1
DA:4,1
DA:9,1
DA:10,1
DA:11,1
DA:12,1
DA:15,2
DA:16,3
DA:18,3
DA:19,2
DA:23,2
DA:26,2
DA:27,1
DA:28,1
DA:29,1
DA:32,1
DA:33,1
DA:38,2
DA:40,2
DA:41,2
DA:42,2
DA:43,2
DA:45,2
DA:52,2
DA:54,0
DA:62,0
DA:102,1
LF:27
LH:25
BRDA:74,0,0,0
BRDA:74,0,1,2
BRDA:85,1,0,0
BRDA:85,1,1,2
BRDA:97,2,0,2
BRDA:97,2,1,0
BRF:6
BRH:3
end_of_record
TN:
SF:src/components/search/AddonsDropdown.tsx
FN:11,AddonsDropdown
FN:13,(anonymous_1)
FN:17,(anonymous_2)
FN:23,(anonymous_3)
FN:57,(anonymous_4)
FN:60,(anonymous_5)
FN:68,(anonymous_6)
FNF:7
FNH:4
FNDA:5,AddonsDropdown
FNDA:10,(anonymous_1)
FNDA:0,(anonymous_2)
FNDA:5,(anonymous_3)
FNDA:15,(anonymous_4)
FNDA:0,(anonymous_5)
FNDA:0,(anonymous_6)
DA:1,2
DA:2,2
DA:3,2
DA:4,2
DA:6,2
DA:7,2
DA:9,2
DA:12,5
DA:13,10
DA:15,5
DA:17,5
DA:18,0
DA:21,5
DA:24,5
DA:58,15
DA:61,0
DA:69,0
DA:102,2
LF:18
LH:15
BRDA:37,0,0,3
BRDA:37,0,1,2
BRDA:62,1,0,0
BRDA:62,1,1,0
BRDA:72,2,0,0
BRDA:72,2,1,0
BRDA:79,3,0,0
BRDA:79,3,1,0
BRDA:82,4,0,0
BRDA:82,4,1,0
BRF:10
BRH:2
end_of_record
TN:
SF:src/components/search/NameInput.tsx
FN:6,NameInput
FN:7,(anonymous_1)
FN:9,(anonymous_2)
FN:22,(anonymous_3)
FN:23,(anonymous_4)
FNF:5
FNH:5
FNDA:3,NameInput
FNDA:6,(anonymous_1)
FNDA:6,(anonymous_2)
FNDA:6,(anonymous_3)
FNDA:4,(anonymous_4)
DA:1,2
DA:2,2
DA:4,2
DA:7,6
DA:8,3
DA:9,6
DA:11,3
DA:22,6
DA:23,4
DA:31,2
LF:10
LH:10
BRF:0
BRH:0
end_of_record
TN:
SF:src/components/search/SortDropdown.tsx
FN:11,SortDropdown
FN:12,(anonymous_1)
FN:15,(anonymous_2)
FN:22,(anonymous_3)
FN:24,(anonymous_4)
FN:47,(anonymous_5)
FN:50,(anonymous_6)
FN:58,(anonymous_7)
FNF:8
FNH:6
FNDA:7,SortDropdown
FNDA:12,(anonymous_1)
FNDA:0,(anonymous_2)
FNDA:0,(anonymous_3)
FNDA:14,(anonymous_4)
FNDA:56,(anonymous_5)
FNDA:32,(anonymous_6)
FNDA:32,(anonymous_7)
DA:1,2
DA:2,2
DA:3,2
DA:4,2
DA:5,2
DA:7,2
DA:9,2
DA:12,12
DA:13,6
DA:15,6
DA:16,0
DA:19,6
DA:22,0
DA:25,14
DA:48,56
DA:51,32
DA:59,32
DA:91,2
LF:18
LH:16
BRDA:52,0,0,4
BRDA:52,0,1,28
BRDA:63,1,0,8
BRDA:63,1,1,24
BRDA:68,2,0,8
BRDA:68,2,1,24
BRDA:71,3,0,4
BRDA:71,3,1,4
BRF:8
BRH:8
end_of_record
TN:
SF:src/components/search/VoiceDropdown.tsx
FN:11,VoiceDropdown
FN:13,(anonymous_1)
FN:17,(anonymous_2)
FN:23,(anonymous_3)
FN:59,(anonymous_4)
FN:62,(anonymous_5)
FN:70,(anonymous_6)
FNF:7
FNH:6
FNDA:5,VoiceDropdown
FNDA:10,(anonymous_1)
FNDA:0,(anonymous_2)
FNDA:9,(anonymous_3)
FNDA:27,(anonymous_4)
FNDA:12,(anonymous_5)
FNDA:12,(anonymous_6)
DA:1,2
DA:2,2
DA:3,2
DA:4,2
DA:6,2
DA:7,2
DA:9,2
DA:12,5
DA:13,10
DA:15,5
DA:17,5
DA:18,0
DA:21,5
DA:24,9
DA:60,27
DA:63,12
DA:71,12
DA:104,2
LF:18
LH:17
BRDA:38,0,0,9
BRDA:38,0,1,0
BRDA:64,1,0,2
BRDA:64,1,1,10
BRDA:74,2,0,4
BRDA:74,2,1,8
BRDA:81,3,0,4
BRDA:81,3,1,8
BRDA:84,4,0,2
BRDA:84,4,1,2
BRF:10
BRH:9
end_of_record
TN:
SF:src/containers/PagesContainer.tsx
FN:4,PagesContainer
FNF:1
FNH:1
FNDA:1,PagesContainer
DA:1,1
DA:2,1
DA:5,1
DA:13,1
LF:4
LH:4
BRF:0
BRH:0
end_of_record
TN:
SF:src/containers/ResultsContainer.tsx
FN:7,ResultsContainer
FN:9,(anonymous_1)
FNF:2
FNH:2
FNDA:3,ResultsContainer
FNDA:6,(anonymous_1)
DA:1,1
DA:3,1
DA:4,1
DA:5,1
DA:8,3
DA:9,6
DA:12,3
DA:21,1
LF:8
LH:8
BRDA:14,0,0,3
BRDA:14,0,1,1
BRDA:15,1,0,3
BRDA:15,1,1,1
BRDA:16,2,0,3
BRDA:16,2,1,2
BRDA:16,2,2,1
BRF:7
BRH:7
end_of_record
TN:
SF:src/containers/SearchContainer.tsx
FN:6,SearchContainer
FNF:1
FNH:1
FNDA:1,SearchContainer
DA:1,1
DA:2,1
DA:3,1
DA:4,1
DA:7,1
DA:27,1
LF:6
LH:6
BRF:0
BRH:0
end_of_record
TN:
SF:src/functions/classNames.ts
FN:1,classNames
FNF:1
FNH:1
FNDA:60,classNames
DA:2,60
DA:5,4
LF:2
LH:2
BRF:0
BRH:0
end_of_record
TN:
SF:src/functions/fetchGamesData.ts
FN:5,fetchGamesData
FN:27,(anonymous_1)
FN:57,(anonymous_2)
FNF:3
FNH:3
FNDA:1,fetchGamesData
FNDA:2,(anonymous_1)
FNDA:1,(anonymous_2)
DA:2,8
DA:6,1
DA:8,1
DA:9,0
DA:13,1
DA:14,1
DA:17,1
DA:18,0
DA:22,1
DA:25,1
DA:27,1
DA:30,2
DA:33,2
DA:34,1
DA:38,1
DA:39,1
DA:44,1
DA:47,1
DA:50,1
DA:54,1
DA:57,1
DA:58,1
DA:59,1
DA:60,1
DA:61,1
DA:62,1
DA:66,1
DA:69,0
DA:70,0
DA:72,0
DA:75,8
LF:31
LH:26
BRDA:8,0,0,0
BRDA:13,1,0,1
BRDA:13,1,1,0
BRDA:17,2,0,0
BRDA:33,3,0,1
BRF:5
BRH:2
end_of_record
TN:
SF:src/functions/filterGames.ts
FN:4,filterGames
FN:7,(anonymous_1)
FN:11,(anonymous_2)
FN:17,(anonymous_3)
FNF:4
FNH:4
FNDA:7,filterGames
FNDA:19,(anonymous_1)
FNDA:16,(anonymous_2)
FNDA:13,(anonymous_3)
DA:5,7
DA:7,7
DA:8,19
DA:11,7
DA:12,16
DA:13,6
DA:14,3
DA:17,7
DA:18,13
DA:19,6
DA:20,3
DA:23,7
DA:26,2
LF:13
LH:13
BRDA:12,0,0,10
BRDA:13,1,0,3
BRDA:14,2,0,3
BRDA:18,3,0,7
BRDA:19,4,0,3
BRDA:20,5,0,3
BRF:6
BRH:6
end_of_record
TN:
SF:src/functions/sortGames.ts
FN:3,sortGames
FN:6,(anonymous_1)
FN:8,(anonymous_2)
FN:10,(anonymous_3)
FN:13,(anonymous_4)
FNF:5
FNH:5
FNDA:6,sortGames
FNDA:4,(anonymous_1)
FNDA:4,(anonymous_2)
FNDA:4,(anonymous_3)
FNDA:4,(anonymous_4)
DA:4,6
DA:6,4
DA:8,4
DA:10,4
DA:12,1
DA:13,4
DA:16,1
DA:20,2
LF:8
LH:8
BRDA:4,0,0,2
BRDA:4,0,1,1
BRDA:4,0,2,1
BRDA:4,0,3,1
BRDA:4,0,4,1
BRF:5
BRH:5
end_of_record
TN:
SF:src/functions/startAndEndPage.ts
FN:1,startAndEndPage
FNF:1
FNH:1
FNDA:15,startAndEndPage
DA:5,15
DA:6,10
DA:7,10
DA:8,5
DA:9,3
DA:10,3
DA:12,2
DA:13,2
DA:16,15
DA:19,4
LF:10
LH:10
BRDA:5,0,0,10
BRDA:5,0,1,5
BRDA:8,1,0,3
BRDA:8,1,1,2
BRF:4
BRH:4
end_of_record
TN:
SF:src/state/slices/resultsSlice.ts
FN:32,(anonymous_0)
FN:35,(anonymous_1)
FN:38,(anonymous_2)
FN:41,(anonymous_3)
FN:44,(anonymous_4)
FN:47,(anonymous_5)
FN:51,(anonymous_6)
FN:53,(anonymous_7)
FN:59,(anonymous_8)
FN:73,(anonymous_9)
FN:84,(anonymous_10)
FNF:11
FNH:7
FNDA:1,(anonymous_0)
FNDA:1,(anonymous_1)
FNDA:1,(anonymous_2)
FNDA:1,(anonymous_3)
FNDA:1,(anonymous_4)
FNDA:1,(anonymous_5)
FNDA:1,(anonymous_6)
FNDA:0,(anonymous_7)
FNDA:0,(anonymous_8)
FNDA:0,(anonymous_9)
FNDA:0,(anonymous_10)
DA:1,8
DA:3,8
DA:4,8
DA:17,8
DA:28,8
DA:33,1
DA:36,1
DA:39,1
DA:42,1
DA:45,1
DA:48,1
DA:52,1
DA:54,0
DA:55,0
DA:60,0
DA:61,0
DA:62,0
DA:63,0
DA:66,0
DA:67,0
DA:69,0
DA:70,0
DA:74,0
DA:75,0
DA:80,8
DA:85,0
DA:86,0
DA:87,0
DA:89,0
DA:90,0
DA:92,0
DA:96,8
DA:105,8
LF:33
LH:15
BRDA:54,0,0,0
BRDA:60,1,0,0
BRDA:70,2,0,0
BRDA:89,3,0,0
BRF:4
BRH:0
end_of_record
TN:
SF:src/state/slices/searchSlice.ts
FN:21,(anonymous_0)
FN:24,(anonymous_1)
FN:27,(anonymous_2)
FN:30,(anonymous_3)
FNF:4
FNH:4
FNDA:1,(anonymous_0)
FNDA:1,(anonymous_1)
FNDA:1,(anonymous_2)
FNDA:1,(anonymous_3)
DA:1,6
DA:10,6
DA:17,6
DA:22,1
DA:25,1
DA:28,1
DA:31,1
DA:36,6
DA:43,6
LF:9
LH:9
BRF:0
BRH:0
end_of_record
